2018-04-08 14:22:24,313 INFO:Creating video stream
2018-04-08 14:22:24,962 INFO:Importing face detector
2018-04-08 14:22:24,963 INFO:Importing Haarcascades face detector
2018-04-08 14:22:25,014 INFO:Importing User ID Info
2018-04-08 14:22:25,015 INFO:Importing face recognizer
2018-04-08 14:22:26,136 DEBUG:Starting new HTTP connection (1): products.openznet.com
2018-04-08 14:22:26,294 DEBUG:http://products.openznet.com:80 "GET /api/personalizer/v1.0/devices/byDeviceId/00:25:4c:31:8c:a9 HTTP/1.1" 200 214
2018-04-08 14:24:06,155 INFO:New User: 2
2018-04-08 14:44:46,091 INFO:New User: 0
2018-04-08 14:47:01,793 INFO:New User: 2
2018-04-08 16:49:58,591 INFO:Creating video stream
2018-04-08 16:49:59,245 INFO:Importing face detector
2018-04-08 16:49:59,246 INFO:Importing Haarcascades face detector
2018-04-08 16:49:59,298 INFO:Importing User ID Info
2018-04-08 16:49:59,299 INFO:Called in '-capture' Mode
2018-04-08 16:49:59,299 INFO:Previous data does not exist. Creating new user data
2018-04-08 16:49:59,299 INFO:Capturing faces
2018-04-08 17:03:07,864 INFO:Called in '-train' Mode
2018-04-08 17:03:19,559 INFO:Creating video stream
2018-04-08 17:03:20,214 INFO:Importing face detector
2018-04-08 17:03:20,217 INFO:Importing Haarcascades face detector
2018-04-08 17:03:20,267 INFO:Importing User ID Info
2018-04-08 17:03:20,268 INFO:Importing face recognizer
2018-04-08 17:03:21,047 DEBUG:Starting new HTTP connection (1): products.openznet.com
2018-04-08 17:03:21,317 DEBUG:http://products.openznet.com:80 "GET /api/personalizer/v1.0/devices/byDeviceId/00:25:4c:31:8c:a9 HTTP/1.1" 200 215
2018-04-08 17:08:12,526 INFO:New User: 44
2018-04-08 17:11:40,340 INFO:Creating video stream
2018-04-08 17:11:40,993 INFO:Importing face detector
2018-04-08 17:11:40,994 INFO:Importing Haarcascades face detector
2018-04-08 17:11:41,051 INFO:Importing User ID Info
2018-04-08 17:11:41,052 INFO:Importing face recognizer
2018-04-08 17:11:41,843 DEBUG:Starting new HTTP connection (1): products.openznet.com
2018-04-08 17:11:42,016 DEBUG:http://products.openznet.com:80 "GET /api/personalizer/v1.0/devices/byDeviceId/00:25:4c:31:8c:a9 HTTP/1.1" 200 215
2018-04-08 17:11:58,298 INFO:New User: 44
2018-04-08 17:34:49,996 INFO:Creating video stream
2018-04-08 17:34:50,322 INFO:Importing face detector
2018-04-08 17:34:50,323 INFO:Importing Haarcascades face detector
2018-04-08 17:34:50,376 INFO:Importing User ID Info
2018-04-08 17:34:50,376 INFO:Importing face recognizer
2018-04-08 17:34:51,153 DEBUG:Starting new HTTP connection (1): products.openznet.com
2018-04-08 17:34:51,332 DEBUG:http://products.openznet.com:80 "GET /api/personalizer/v1.0/devices/byDeviceId/00:25:4c:31:8c:a9 HTTP/1.1" 200 215
2018-04-08 17:58:53,508 INFO:Creating video stream
2018-04-08 17:58:54,319 INFO:Importing face detector
2018-04-08 17:58:54,319 INFO:Importing Haarcascades face detector
2018-04-08 17:58:54,370 INFO:Importing User ID Info
2018-04-08 17:58:54,371 INFO:Called in '-capture' Mode
2018-04-08 17:58:54,371 INFO:Adding to Existing User Data
2018-04-08 17:58:54,372 INFO:Capturing faces
2018-04-08 18:01:31,036 INFO:Called in '-train' Mode
2018-04-08 18:01:52,903 INFO:Creating video stream
2018-04-08 18:01:53,558 INFO:Importing face detector
2018-04-08 18:01:53,559 INFO:Importing Haarcascades face detector
2018-04-08 18:01:53,616 INFO:Importing User ID Info
2018-04-08 18:01:53,617 INFO:Importing face recognizer
2018-04-08 18:01:55,193 DEBUG:Starting new HTTP connection (1): products.openznet.com
2018-04-08 18:01:55,383 DEBUG:http://products.openznet.com:80 "GET /api/personalizer/v1.0/devices/byDeviceId/00:25:4c:31:8c:a9 HTTP/1.1" 200 215
2018-04-08 18:02:14,555 INFO:New User: 10
2018-04-08 18:06:36,155 INFO:New User: 44
2018-04-09 08:35:16,887 INFO:Creating video stream
2018-04-09 08:35:17,790 INFO:Importing face detector
2018-04-09 08:35:17,790 INFO:Importing Haarcascades face detector
2018-04-09 08:35:17,905 INFO:Importing User ID Info
2018-04-09 08:35:17,935 INFO:Importing face recognizer
2018-04-09 08:35:19,651 DEBUG:Starting new HTTP connection (1): products.openznet.com
2018-04-09 08:35:19,891 DEBUG:http://products.openznet.com:80 "GET /api/personalizer/v1.0/devices/byDeviceId/00:25:4c:31:8c:a9 HTTP/1.1" 200 215
2018-04-09 08:40:53,703 INFO:Creating video stream
2018-04-09 08:40:54,247 INFO:Importing face detector
2018-04-09 08:40:54,248 INFO:Importing Haarcascades face detector
2018-04-09 08:40:54,298 INFO:Importing User ID Info
2018-04-09 08:40:54,298 INFO:Called in '-capture' Mode
2018-04-09 08:40:54,306 INFO:Adding to Existing User Data
2018-04-09 08:40:54,306 INFO:Capturing faces
2018-04-09 09:05:26,721 INFO:Creating video stream
2018-04-09 09:05:27,280 INFO:Importing face detector
2018-04-09 09:05:27,281 INFO:Importing Haarcascades face detector
2018-04-09 09:05:27,337 INFO:Importing User ID Info
2018-04-09 09:05:27,337 INFO:Importing face recognizer
2018-04-09 09:05:28,902 DEBUG:Starting new HTTP connection (1): products.openznet.com
2018-04-09 09:05:29,075 DEBUG:http://products.openznet.com:80 "GET /api/personalizer/v1.0/devices/byDeviceId/00:25:4c:31:8c:a9 HTTP/1.1" 200 215
2018-04-09 10:46:59,013 INFO:Creating video stream
2018-04-09 10:46:59,667 INFO:Importing face detector
2018-04-09 10:46:59,668 INFO:Importing Haarcascades face detector
2018-04-09 10:46:59,724 INFO:Importing User ID Info
2018-04-09 10:46:59,724 INFO:Called in '-capture' Mode
2018-04-09 10:46:59,725 INFO:Adding to Existing User Data
2018-04-09 10:46:59,726 INFO:Capturing faces
2018-04-09 10:48:57,028 INFO:Called in '-train' Mode
2018-04-09 10:49:32,916 INFO:Creating video stream
2018-04-09 10:49:33,574 INFO:Importing face detector
2018-04-09 10:49:33,574 INFO:Importing Haarcascades face detector
2018-04-09 10:49:33,636 INFO:Importing User ID Info
2018-04-09 10:49:33,636 INFO:Importing face recognizer
2018-04-09 10:49:35,557 DEBUG:Starting new HTTP connection (1): products.openznet.com
2018-04-09 10:49:35,733 DEBUG:http://products.openznet.com:80 "GET /api/personalizer/v1.0/devices/byDeviceId/00:25:4c:31:8c:a9 HTTP/1.1" 200 215
2018-04-09 10:49:38,045 INFO:New User: 39
2018-04-09 11:02:49,533 INFO:Creating video stream
2018-04-09 11:02:50,190 INFO:Importing face detector
2018-04-09 11:02:50,190 INFO:Importing Haarcascades face detector
2018-04-09 11:02:50,251 INFO:Importing User ID Info
2018-04-09 11:02:50,252 INFO:Importing face recognizer
2018-04-09 11:02:52,241 DEBUG:Starting new HTTP connection (1): products.openznet.com
2018-04-09 11:02:52,396 DEBUG:http://products.openznet.com:80 "GET /api/personalizer/v1.0/devices/byDeviceId/00:25:4c:31:8c:a6 HTTP/1.1" 200 215
2018-04-09 11:03:26,178 INFO:New User: 39
2018-04-09 11:04:23,411 INFO:New User: 44
2018-04-09 11:04:41,067 INFO:New User: 39
2018-04-09 11:11:34,315 INFO:Creating video stream
2018-04-09 11:11:34,970 INFO:Importing face detector
2018-04-09 11:11:34,970 INFO:Importing Haarcascades face detector
2018-04-09 11:11:35,022 INFO:Importing User ID Info
2018-04-09 11:11:35,022 INFO:Importing face recognizer
2018-04-09 11:11:36,916 DEBUG:Starting new HTTP connection (1): products.openznet.com
2018-04-09 11:11:37,111 DEBUG:http://products.openznet.com:80 "GET /api/personalizer/v1.0/devices/byDeviceId/00:25:4c:31:8c:a6 HTTP/1.1" 200 215
2018-04-09 11:14:25,712 INFO:New User: 39
2018-04-09 11:16:19,924 INFO:New User: 44
2018-04-09 11:16:21,186 INFO:New User: 39
2018-04-09 11:27:29,427 INFO:Creating video stream
2018-04-09 11:27:30,085 INFO:Importing face detector
2018-04-09 11:27:30,085 INFO:Importing Haarcascades face detector
2018-04-09 11:27:30,135 INFO:Importing User ID Info
2018-04-09 11:27:30,136 INFO:Importing face recognizer
2018-04-09 11:27:32,106 DEBUG:Starting new HTTP connection (1): products.openznet.com
2018-04-09 11:27:32,296 DEBUG:http://products.openznet.com:80 "GET /api/personalizer/v1.0/devices/byDeviceId/00:25:4c:31:8c:a6 HTTP/1.1" 200 215
2018-04-09 11:29:01,673 INFO:Creating video stream
2018-04-09 11:29:02,328 INFO:Importing face detector
2018-04-09 11:29:02,329 INFO:Importing Haarcascades face detector
2018-04-09 11:29:02,381 INFO:Importing User ID Info
2018-04-09 11:29:02,382 INFO:Importing face recognizer
2018-04-09 11:29:04,437 DEBUG:Starting new HTTP connection (1): products.openznet.com
2018-04-09 11:29:04,617 DEBUG:http://products.openznet.com:80 "GET /api/personalizer/v1.0/devices/byDeviceId/00:25:4c:31:8c:a6 HTTP/1.1" 200 215
2018-04-09 11:29:30,964 DEBUG:Starting new HTTP connection (1): products.openznet.com
2018-04-09 11:29:31,141 DEBUG:http://products.openznet.com:80 "GET /api/personalizer/v1.0/devices/byDeviceId/00:25:4c:31:8c:a6 HTTP/1.1" 200 215
2018-04-09 11:29:31,163 INFO:New User: 39
2018-04-09 11:29:32,706 DEBUG:Starting new HTTP connection (1): products.openznet.com
2018-04-09 11:29:32,859 DEBUG:http://products.openznet.com:80 "GET /api/personalizer/v1.0/devices/byDeviceId/00:25:4c:31:8c:a6 HTTP/1.1" 200 215
2018-04-09 11:29:32,880 INFO:New User: 39
2018-04-09 11:43:13,197 INFO:Creating video stream
2018-04-09 11:43:13,853 INFO:Importing face detector
2018-04-09 11:43:13,853 INFO:Importing Haarcascades face detector
2018-04-09 11:43:13,913 INFO:Importing User ID Info
2018-04-09 11:43:13,913 INFO:Importing face recognizer
2018-04-09 11:43:15,873 DEBUG:Starting new HTTP connection (1): products.openznet.com
2018-04-09 11:43:16,073 DEBUG:http://products.openznet.com:80 "GET /api/personalizer/v1.0/devices/byDeviceId/00:25:4c:31:8c:a6 HTTP/1.1" 200 215
2018-04-09 11:43:57,374 DEBUG:Starting new HTTP connection (1): products.openznet.com
2018-04-09 11:43:57,558 DEBUG:http://products.openznet.com:80 "GET /api/personalizer/v1.0/devices/byDeviceId/00:25:4c:31:8c:a6 HTTP/1.1" 200 215
2018-04-09 11:43:57,582 INFO:New User: 39
2018-04-09 11:43:59,020 DEBUG:Starting new HTTP connection (1): products.openznet.com
2018-04-09 11:43:59,172 DEBUG:http://products.openznet.com:80 "GET /api/personalizer/v1.0/devices/byDeviceId/00:25:4c:31:8c:a6 HTTP/1.1" 200 215
2018-04-09 11:43:59,194 INFO:New User: 39
2018-04-09 11:44:00,617 DEBUG:Starting new HTTP connection (1): products.openznet.com
2018-04-09 11:44:00,851 DEBUG:http://products.openznet.com:80 "GET /api/personalizer/v1.0/devices/byDeviceId/00:25:4c:31:8c:a6 HTTP/1.1" 200 215
2018-04-09 11:44:00,869 INFO:New User: 39
2018-04-09 11:44:02,434 DEBUG:Starting new HTTP connection (1): products.openznet.com
2018-04-09 11:44:02,589 DEBUG:http://products.openznet.com:80 "GET /api/personalizer/v1.0/devices/byDeviceId/00:25:4c:31:8c:a6 HTTP/1.1" 200 215
2018-04-09 11:44:02,607 INFO:New User: 39
2018-04-09 11:44:04,099 DEBUG:Starting new HTTP connection (1): products.openznet.com
2018-04-09 11:44:04,253 DEBUG:http://products.openznet.com:80 "GET /api/personalizer/v1.0/devices/byDeviceId/00:25:4c:31:8c:a6 HTTP/1.1" 200 215
2018-04-09 11:44:04,274 INFO:New User: 39
2018-04-09 11:44:58,785 INFO:Creating video stream
2018-04-09 11:44:59,442 INFO:Importing face detector
2018-04-09 11:44:59,442 INFO:Importing Haarcascades face detector
2018-04-09 11:44:59,492 INFO:Importing User ID Info
2018-04-09 11:44:59,492 INFO:Importing face recognizer
2018-04-09 11:45:01,429 DEBUG:Starting new HTTP connection (1): products.openznet.com
2018-04-09 11:45:01,603 DEBUG:http://products.openznet.com:80 "GET /api/personalizer/v1.0/devices/byDeviceId/00:25:4c:31:8c:a6 HTTP/1.1" 200 215
2018-04-09 11:45:28,811 DEBUG:Starting new HTTP connection (1): products.openznet.com
2018-04-09 11:45:28,984 DEBUG:http://products.openznet.com:80 "GET /api/personalizer/v1.0/devices/byDeviceId/00:25:4c:31:8c:a6 HTTP/1.1" 200 215
2018-04-09 11:45:30,571 DEBUG:Starting new HTTP connection (1): products.openznet.com
2018-04-09 11:45:30,723 DEBUG:http://products.openznet.com:80 "GET /api/personalizer/v1.0/devices/byDeviceId/00:25:4c:31:8c:a6 HTTP/1.1" 200 215
2018-04-09 11:45:32,291 DEBUG:Starting new HTTP connection (1): products.openznet.com
2018-04-09 11:45:32,444 DEBUG:http://products.openznet.com:80 "GET /api/personalizer/v1.0/devices/byDeviceId/00:25:4c:31:8c:a6 HTTP/1.1" 200 215
2018-04-09 11:45:33,971 DEBUG:Starting new HTTP connection (1): products.openznet.com
2018-04-09 11:45:34,122 DEBUG:http://products.openznet.com:80 "GET /api/personalizer/v1.0/devices/byDeviceId/00:25:4c:31:8c:a6 HTTP/1.1" 200 215
2018-04-09 11:45:35,710 DEBUG:Starting new HTTP connection (1): products.openznet.com
2018-04-09 11:45:35,869 DEBUG:http://products.openznet.com:80 "GET /api/personalizer/v1.0/devices/byDeviceId/00:25:4c:31:8c:a6 HTTP/1.1" 200 215
2018-04-09 11:57:42,311 INFO:Creating video stream
2018-04-09 11:57:42,965 INFO:Importing face detector
2018-04-09 11:57:42,965 INFO:Importing Haarcascades face detector
2018-04-09 11:57:43,014 INFO:Importing User ID Info
2018-04-09 11:57:43,015 INFO:Importing face recognizer
2018-04-09 11:57:44,949 DEBUG:Starting new HTTP connection (1): products.openznet.com
2018-04-09 11:57:45,155 DEBUG:http://products.openznet.com:80 "GET /api/personalizer/v1.0/devices/byDeviceId/00:25:4c:31:8c:a6 HTTP/1.1" 200 215
2018-04-09 11:58:32,375 INFO:Creating video stream
2018-04-09 11:58:33,025 INFO:Importing face detector
2018-04-09 11:58:33,025 INFO:Importing Haarcascades face detector
2018-04-09 11:58:33,081 INFO:Importing User ID Info
2018-04-09 11:58:33,081 INFO:Importing face recognizer
2018-04-09 11:58:35,096 DEBUG:Starting new HTTP connection (1): products.openznet.com
2018-04-09 11:58:35,253 DEBUG:http://products.openznet.com:80 "GET /api/personalizer/v1.0/devices/byDeviceId/00:25:4c:31:8c:a6 HTTP/1.1" 200 215
2018-04-09 12:00:39,395 INFO:Creating video stream
2018-04-09 12:00:40,044 INFO:Importing face detector
2018-04-09 12:00:40,044 INFO:Importing Haarcascades face detector
2018-04-09 12:00:40,105 INFO:Importing User ID Info
2018-04-09 12:00:40,105 INFO:Importing face recognizer
2018-04-09 12:00:42,054 DEBUG:Starting new HTTP connection (1): products.openznet.com
2018-04-09 12:00:42,232 DEBUG:http://products.openznet.com:80 "GET /api/personalizer/v1.0/devices/byDeviceId/00:25:4c:31:8c:a6 HTTP/1.1" 200 215
2018-04-09 12:01:08,015 DEBUG:Starting new HTTP connection (1): products.openznet.com
2018-04-09 12:01:08,190 DEBUG:http://products.openznet.com:80 "GET /api/personalizer/v1.0/devices/byDeviceId/00:25:4c:31:8c:a6 HTTP/1.1" 200 215
2018-04-09 12:03:21,156 INFO:Creating video stream
2018-04-09 12:03:21,812 INFO:Importing face detector
2018-04-09 12:03:21,812 INFO:Importing Haarcascades face detector
2018-04-09 12:03:21,870 INFO:Importing User ID Info
2018-04-09 12:03:21,871 INFO:Importing face recognizer
2018-04-09 12:03:23,824 DEBUG:Starting new HTTP connection (1): products.openznet.com
2018-04-09 12:03:24,000 DEBUG:http://products.openznet.com:80 "GET /api/personalizer/v1.0/devices/byDeviceId/00:25:4c:31:8c:a6 HTTP/1.1" 200 215
2018-04-09 12:10:53,833 INFO:Creating video stream
2018-04-09 12:10:54,484 INFO:Importing face detector
2018-04-09 12:10:54,485 INFO:Importing Haarcascades face detector
2018-04-09 12:10:54,539 INFO:Importing User ID Info
2018-04-09 12:10:54,540 INFO:Called in '-capture' Mode
2018-04-09 12:10:54,541 INFO:Adding to Existing User Data
2018-04-09 12:10:54,541 INFO:Capturing faces
2018-04-09 12:14:00,375 INFO:Called in '-train' Mode
2018-04-09 12:14:41,453 INFO:Creating video stream
2018-04-09 12:14:42,106 INFO:Importing face detector
2018-04-09 12:14:42,106 INFO:Importing Haarcascades face detector
2018-04-09 12:14:42,161 INFO:Importing User ID Info
2018-04-09 12:14:42,161 INFO:Importing face recognizer
2018-04-09 12:14:44,549 DEBUG:Starting new HTTP connection (1): products.openznet.com
2018-04-09 12:14:44,742 DEBUG:http://products.openznet.com:80 "GET /api/personalizer/v1.0/devices/byDeviceId/00:25:4c:31:8c:a6 HTTP/1.1" 200 215
2018-04-09 12:15:23,651 DEBUG:Starting new HTTP connection (1): products.openznet.com
2018-04-09 12:15:23,831 DEBUG:http://products.openznet.com:80 "GET /api/personalizer/v1.0/devices/byDeviceId/00:25:4c:31:8c:a6 HTTP/1.1" 200 215
2018-04-09 12:15:25,141 DEBUG:Starting new HTTP connection (1): products.openznet.com
2018-04-09 12:15:25,296 DEBUG:http://products.openznet.com:80 "GET /api/personalizer/v1.0/devices/byDeviceId/00:25:4c:31:8c:a6 HTTP/1.1" 200 215
2018-04-09 12:15:26,660 DEBUG:Starting new HTTP connection (1): products.openznet.com
2018-04-09 12:15:26,814 DEBUG:http://products.openznet.com:80 "GET /api/personalizer/v1.0/devices/byDeviceId/00:25:4c:31:8c:a6 HTTP/1.1" 200 215
2018-04-09 12:15:28,143 DEBUG:Starting new HTTP connection (1): products.openznet.com
2018-04-09 12:15:28,297 DEBUG:http://products.openznet.com:80 "GET /api/personalizer/v1.0/devices/byDeviceId/00:25:4c:31:8c:a6 HTTP/1.1" 200 215
2018-04-09 12:15:48,377 DEBUG:Starting new HTTP connection (1): products.openznet.com
2018-04-09 12:15:48,559 DEBUG:http://products.openznet.com:80 "GET /api/personalizer/v1.0/devices/byDeviceId/00:25:4c:31:8c:a6 HTTP/1.1" 200 215
2018-04-09 12:15:48,581 INFO:New User: 44
2018-04-09 12:15:49,804 DEBUG:Starting new HTTP connection (1): products.openznet.com
2018-04-09 12:15:49,959 DEBUG:http://products.openznet.com:80 "GET /api/personalizer/v1.0/devices/byDeviceId/00:25:4c:31:8c:a6 HTTP/1.1" 200 215
2018-04-09 12:15:49,988 INFO:New User: 44
2018-04-09 12:15:53,712 DEBUG:Starting new HTTP connection (1): products.openznet.com
2018-04-09 12:15:53,868 DEBUG:http://products.openznet.com:80 "GET /api/personalizer/v1.0/devices/byDeviceId/00:25:4c:31:8c:a6 HTTP/1.1" 200 215
2018-04-09 12:15:53,889 INFO:New User: 44
2018-04-09 12:15:56,402 DEBUG:Starting new HTTP connection (1): products.openznet.com
2018-04-09 12:15:56,554 DEBUG:http://products.openznet.com:80 "GET /api/personalizer/v1.0/devices/byDeviceId/00:25:4c:31:8c:a6 HTTP/1.1" 200 215
2018-04-09 12:15:56,575 INFO:New User: 44
2018-04-09 12:15:57,824 DEBUG:Starting new HTTP connection (1): products.openznet.com
2018-04-09 12:15:57,978 DEBUG:http://products.openznet.com:80 "GET /api/personalizer/v1.0/devices/byDeviceId/00:25:4c:31:8c:a6 HTTP/1.1" 200 215
2018-04-09 12:15:57,999 INFO:New User: 44
2018-04-09 12:16:00,440 DEBUG:Starting new HTTP connection (1): products.openznet.com
2018-04-09 12:16:00,594 DEBUG:http://products.openznet.com:80 "GET /api/personalizer/v1.0/devices/byDeviceId/00:25:4c:31:8c:a6 HTTP/1.1" 200 215
2018-04-09 12:16:00,616 INFO:New User: 44
2018-04-09 12:16:03,074 DEBUG:Starting new HTTP connection (1): products.openznet.com
2018-04-09 12:16:03,228 DEBUG:http://products.openznet.com:80 "GET /api/personalizer/v1.0/devices/byDeviceId/00:25:4c:31:8c:a6 HTTP/1.1" 200 215
2018-04-09 12:16:03,249 INFO:New User: 44
2018-04-09 12:16:04,494 DEBUG:Starting new HTTP connection (1): products.openznet.com
2018-04-09 12:16:04,651 DEBUG:http://products.openznet.com:80 "GET /api/personalizer/v1.0/devices/byDeviceId/00:25:4c:31:8c:a6 HTTP/1.1" 200 215
2018-04-09 12:16:04,672 INFO:New User: 44
2018-04-09 12:16:05,947 DEBUG:Starting new HTTP connection (1): products.openznet.com
2018-04-09 12:16:06,100 DEBUG:http://products.openznet.com:80 "GET /api/personalizer/v1.0/devices/byDeviceId/00:25:4c:31:8c:a6 HTTP/1.1" 200 215
2018-04-09 12:16:06,123 INFO:New User: 44
2018-04-09 12:16:07,396 DEBUG:Starting new HTTP connection (1): products.openznet.com
2018-04-09 12:16:07,551 DEBUG:http://products.openznet.com:80 "GET /api/personalizer/v1.0/devices/byDeviceId/00:25:4c:31:8c:a6 HTTP/1.1" 200 215
2018-04-09 12:16:07,575 INFO:New User: 44
2018-04-09 12:21:33,016 INFO:Creating video stream
2018-04-09 12:21:33,676 INFO:Importing face detector
2018-04-09 12:21:33,676 INFO:Importing Haarcascades face detector
2018-04-09 12:21:33,737 INFO:Importing User ID Info
2018-04-09 12:21:33,738 INFO:Importing face recognizer
2018-04-09 12:21:36,126 DEBUG:Starting new HTTP connection (1): products.openznet.com
2018-04-09 12:21:36,315 DEBUG:http://products.openznet.com:80 "GET /api/personalizer/v1.0/devices/byDeviceId/00:25:4c:31:8c:a6 HTTP/1.1" 200 215
2018-04-09 12:21:59,460 DEBUG:Starting new HTTP connection (1): products.openznet.com
2018-04-09 12:21:59,639 DEBUG:http://products.openznet.com:80 "GET /api/personalizer/v1.0/devices/byDeviceId/00:25:4c:31:8c:a6 HTTP/1.1" 200 215
2018-04-09 12:21:59,648 DEBUG:Starting new HTTP connection (1): products.openznet.com
2018-04-09 12:21:59,806 DEBUG:http://products.openznet.com:80 "POST /api/personalizer/v1.0/devices HTTP/1.1" 200 215
2018-04-09 12:21:59,832 INFO:New User: 45
2018-04-09 12:22:01,021 DEBUG:Starting new HTTP connection (1): products.openznet.com
2018-04-09 12:22:01,175 DEBUG:http://products.openznet.com:80 "GET /api/personalizer/v1.0/devices/byDeviceId/00:25:4c:31:8c:a6 HTTP/1.1" 200 215
2018-04-09 12:22:02,351 DEBUG:Starting new HTTP connection (1): products.openznet.com
2018-04-09 12:22:02,505 DEBUG:http://products.openznet.com:80 "GET /api/personalizer/v1.0/devices/byDeviceId/00:25:4c:31:8c:a6 HTTP/1.1" 200 215
2018-04-09 12:22:47,472 DEBUG:Starting new HTTP connection (1): products.openznet.com
2018-04-09 12:22:47,650 DEBUG:http://products.openznet.com:80 "GET /api/personalizer/v1.0/devices/byDeviceId/00:25:4c:31:8c:a6 HTTP/1.1" 200 215
2018-04-09 12:22:47,660 DEBUG:Starting new HTTP connection (1): products.openznet.com
2018-04-09 12:22:47,817 DEBUG:http://products.openznet.com:80 "POST /api/personalizer/v1.0/devices HTTP/1.1" 200 215
2018-04-09 12:22:47,836 INFO:New User: 39
2018-04-09 12:22:49,089 DEBUG:Starting new HTTP connection (1): products.openznet.com
2018-04-09 12:22:49,244 DEBUG:http://products.openznet.com:80 "GET /api/personalizer/v1.0/devices/byDeviceId/00:25:4c:31:8c:a6 HTTP/1.1" 200 215
2018-04-09 12:22:50,487 DEBUG:Starting new HTTP connection (1): products.openznet.com
2018-04-09 12:22:50,643 DEBUG:http://products.openznet.com:80 "GET /api/personalizer/v1.0/devices/byDeviceId/00:25:4c:31:8c:a6 HTTP/1.1" 200 215
2018-04-09 12:22:51,918 DEBUG:Starting new HTTP connection (1): products.openznet.com
2018-04-09 12:22:52,071 DEBUG:http://products.openznet.com:80 "GET /api/personalizer/v1.0/devices/byDeviceId/00:25:4c:31:8c:a6 HTTP/1.1" 200 215
2018-04-09 12:22:53,405 DEBUG:Starting new HTTP connection (1): products.openznet.com
2018-04-09 12:22:53,557 DEBUG:http://products.openznet.com:80 "GET /api/personalizer/v1.0/devices/byDeviceId/00:25:4c:31:8c:a6 HTTP/1.1" 200 215
2018-04-09 12:22:54,882 DEBUG:Starting new HTTP connection (1): products.openznet.com
2018-04-09 12:22:55,037 DEBUG:http://products.openznet.com:80 "GET /api/personalizer/v1.0/devices/byDeviceId/00:25:4c:31:8c:a6 HTTP/1.1" 200 215
2018-04-09 12:22:56,350 DEBUG:Starting new HTTP connection (1): products.openznet.com
2018-04-09 12:22:56,506 DEBUG:http://products.openznet.com:80 "GET /api/personalizer/v1.0/devices/byDeviceId/00:25:4c:31:8c:a6 HTTP/1.1" 200 215
2018-04-09 12:22:57,886 DEBUG:Starting new HTTP connection (1): products.openznet.com
2018-04-09 12:22:58,041 DEBUG:http://products.openznet.com:80 "GET /api/personalizer/v1.0/devices/byDeviceId/00:25:4c:31:8c:a6 HTTP/1.1" 200 215
2018-04-09 12:23:04,571 DEBUG:Starting new HTTP connection (1): products.openznet.com
2018-04-09 12:23:04,725 DEBUG:http://products.openznet.com:80 "GET /api/personalizer/v1.0/devices/byDeviceId/00:25:4c:31:8c:a6 HTTP/1.1" 200 215
2018-04-09 12:23:04,734 DEBUG:Starting new HTTP connection (1): products.openznet.com
2018-04-09 12:23:04,895 DEBUG:http://products.openznet.com:80 "POST /api/personalizer/v1.0/devices HTTP/1.1" 200 215
2018-04-09 12:23:04,917 INFO:New User: 45
2018-04-09 12:23:06,280 DEBUG:Starting new HTTP connection (1): products.openznet.com
2018-04-09 12:23:06,439 DEBUG:http://products.openznet.com:80 "GET /api/personalizer/v1.0/devices/byDeviceId/00:25:4c:31:8c:a6 HTTP/1.1" 200 215
2018-04-09 12:23:07,671 DEBUG:Starting new HTTP connection (1): products.openznet.com
2018-04-09 12:23:07,824 DEBUG:http://products.openznet.com:80 "GET /api/personalizer/v1.0/devices/byDeviceId/00:25:4c:31:8c:a6 HTTP/1.1" 200 215
2018-04-09 12:23:09,015 DEBUG:Starting new HTTP connection (1): products.openznet.com
2018-04-09 12:23:09,166 DEBUG:http://products.openznet.com:80 "GET /api/personalizer/v1.0/devices/byDeviceId/00:25:4c:31:8c:a6 HTTP/1.1" 200 215
2018-04-09 12:23:10,390 DEBUG:Starting new HTTP connection (1): products.openznet.com
2018-04-09 12:23:10,544 DEBUG:http://products.openznet.com:80 "GET /api/personalizer/v1.0/devices/byDeviceId/00:25:4c:31:8c:a6 HTTP/1.1" 200 215
2018-04-09 12:23:11,745 DEBUG:Starting new HTTP connection (1): products.openznet.com
2018-04-09 12:23:11,898 DEBUG:http://products.openznet.com:80 "GET /api/personalizer/v1.0/devices/byDeviceId/00:25:4c:31:8c:a6 HTTP/1.1" 200 215
2018-04-09 12:23:13,124 DEBUG:Starting new HTTP connection (1): products.openznet.com
2018-04-09 12:23:13,278 DEBUG:http://products.openznet.com:80 "GET /api/personalizer/v1.0/devices/byDeviceId/00:25:4c:31:8c:a6 HTTP/1.1" 200 215
2018-04-09 12:23:19,743 DEBUG:Starting new HTTP connection (1): products.openznet.com
2018-04-09 12:23:19,916 DEBUG:http://products.openznet.com:80 "GET /api/personalizer/v1.0/devices/byDeviceId/00:25:4c:31:8c:a6 HTTP/1.1" 200 215
2018-04-09 12:23:19,927 DEBUG:Starting new HTTP connection (1): products.openznet.com
2018-04-09 12:23:20,083 DEBUG:http://products.openznet.com:80 "POST /api/personalizer/v1.0/devices HTTP/1.1" 200 215
2018-04-09 12:23:20,105 INFO:New User: 39
2018-04-09 12:23:22,445 DEBUG:Starting new HTTP connection (1): products.openznet.com
2018-04-09 12:23:22,597 DEBUG:http://products.openznet.com:80 "GET /api/personalizer/v1.0/devices/byDeviceId/00:25:4c:31:8c:a6 HTTP/1.1" 200 215
2018-04-09 12:23:23,867 DEBUG:Starting new HTTP connection (1): products.openznet.com
2018-04-09 12:23:24,020 DEBUG:http://products.openznet.com:80 "GET /api/personalizer/v1.0/devices/byDeviceId/00:25:4c:31:8c:a6 HTTP/1.1" 200 215
2018-04-09 12:23:25,206 DEBUG:Starting new HTTP connection (1): products.openznet.com
2018-04-09 12:23:25,362 DEBUG:http://products.openznet.com:80 "GET /api/personalizer/v1.0/devices/byDeviceId/00:25:4c:31:8c:a6 HTTP/1.1" 200 215
2018-04-09 12:23:33,127 DEBUG:Starting new HTTP connection (1): products.openznet.com
2018-04-09 12:23:33,279 DEBUG:http://products.openznet.com:80 "GET /api/personalizer/v1.0/devices/byDeviceId/00:25:4c:31:8c:a6 HTTP/1.1" 200 215
2018-04-09 12:23:33,287 DEBUG:Starting new HTTP connection (1): products.openznet.com
2018-04-09 12:23:33,444 DEBUG:http://products.openznet.com:80 "POST /api/personalizer/v1.0/devices HTTP/1.1" 200 215
2018-04-09 12:23:33,466 INFO:New User: 45
2018-04-09 12:23:34,656 DEBUG:Starting new HTTP connection (1): products.openznet.com
2018-04-09 12:23:34,811 DEBUG:http://products.openznet.com:80 "GET /api/personalizer/v1.0/devices/byDeviceId/00:25:4c:31:8c:a6 HTTP/1.1" 200 215
2018-04-09 12:24:01,650 DEBUG:Starting new HTTP connection (1): products.openznet.com
2018-04-09 12:24:01,805 DEBUG:http://products.openznet.com:80 "GET /api/personalizer/v1.0/devices/byDeviceId/00:25:4c:31:8c:a6 HTTP/1.1" 200 215
2018-04-09 12:24:03,172 DEBUG:Starting new HTTP connection (1): products.openznet.com
2018-04-09 12:24:03,326 DEBUG:http://products.openznet.com:80 "GET /api/personalizer/v1.0/devices/byDeviceId/00:25:4c:31:8c:a6 HTTP/1.1" 200 215
2018-04-09 12:26:13,512 DEBUG:Starting new HTTP connection (1): products.openznet.com
2018-04-09 12:26:13,684 DEBUG:http://products.openznet.com:80 "GET /api/personalizer/v1.0/devices/byDeviceId/00:25:4c:31:8c:a6 HTTP/1.1" 200 215
2018-04-09 12:26:13,700 DEBUG:Starting new HTTP connection (1): products.openznet.com
2018-04-09 12:26:13,855 DEBUG:http://products.openznet.com:80 "POST /api/personalizer/v1.0/devices HTTP/1.1" 200 215
2018-04-09 12:26:13,877 INFO:New User: 39
2018-04-09 12:26:15,037 DEBUG:Starting new HTTP connection (1): products.openznet.com
2018-04-09 12:26:15,194 DEBUG:http://products.openznet.com:80 "GET /api/personalizer/v1.0/devices/byDeviceId/00:25:4c:31:8c:a6 HTTP/1.1" 200 215
2018-04-09 12:26:16,483 DEBUG:Starting new HTTP connection (1): products.openznet.com
2018-04-09 12:26:16,636 DEBUG:http://products.openznet.com:80 "GET /api/personalizer/v1.0/devices/byDeviceId/00:25:4c:31:8c:a6 HTTP/1.1" 200 215
2018-04-09 12:26:17,851 DEBUG:Starting new HTTP connection (1): products.openznet.com
2018-04-09 12:26:18,003 DEBUG:http://products.openznet.com:80 "GET /api/personalizer/v1.0/devices/byDeviceId/00:25:4c:31:8c:a6 HTTP/1.1" 200 215
2018-04-09 12:26:20,595 DEBUG:Starting new HTTP connection (1): products.openznet.com
2018-04-09 12:26:20,748 DEBUG:http://products.openznet.com:80 "GET /api/personalizer/v1.0/devices/byDeviceId/00:25:4c:31:8c:a6 HTTP/1.1" 200 215
2018-04-09 12:26:57,874 DEBUG:Starting new HTTP connection (1): products.openznet.com
2018-04-09 12:26:58,029 DEBUG:http://products.openznet.com:80 "GET /api/personalizer/v1.0/devices/byDeviceId/00:25:4c:31:8c:a6 HTTP/1.1" 200 215
2018-04-09 12:26:58,039 DEBUG:Starting new HTTP connection (1): products.openznet.com
2018-04-09 12:26:58,196 DEBUG:http://products.openznet.com:80 "POST /api/personalizer/v1.0/devices HTTP/1.1" 200 215
2018-04-09 12:26:58,216 INFO:New User: 45
2018-04-09 12:26:59,367 DEBUG:Starting new HTTP connection (1): products.openznet.com
2018-04-09 12:26:59,548 DEBUG:http://products.openznet.com:80 "GET /api/personalizer/v1.0/devices/byDeviceId/00:25:4c:31:8c:a6 HTTP/1.1" 200 215
2018-04-09 12:27:00,907 DEBUG:Starting new HTTP connection (1): products.openznet.com
2018-04-09 12:27:01,061 DEBUG:http://products.openznet.com:80 "GET /api/personalizer/v1.0/devices/byDeviceId/00:25:4c:31:8c:a6 HTTP/1.1" 200 215
2018-04-09 12:27:02,348 DEBUG:Starting new HTTP connection (1): products.openznet.com
2018-04-09 12:27:02,502 DEBUG:http://products.openznet.com:80 "GET /api/personalizer/v1.0/devices/byDeviceId/00:25:4c:31:8c:a6 HTTP/1.1" 200 215
2018-04-09 12:27:03,598 DEBUG:Starting new HTTP connection (1): products.openznet.com
2018-04-09 12:27:03,752 DEBUG:http://products.openznet.com:80 "GET /api/personalizer/v1.0/devices/byDeviceId/00:25:4c:31:8c:a6 HTTP/1.1" 200 215
2018-04-09 12:27:04,921 DEBUG:Starting new HTTP connection (1): products.openznet.com
2018-04-09 12:27:05,078 DEBUG:http://products.openznet.com:80 "GET /api/personalizer/v1.0/devices/byDeviceId/00:25:4c:31:8c:a6 HTTP/1.1" 200 215
2018-04-09 12:27:06,240 DEBUG:Starting new HTTP connection (1): products.openznet.com
2018-04-09 12:27:06,400 DEBUG:http://products.openznet.com:80 "GET /api/personalizer/v1.0/devices/byDeviceId/00:25:4c:31:8c:a6 HTTP/1.1" 200 215
2018-04-09 12:27:19,929 DEBUG:Starting new HTTP connection (1): products.openznet.com
2018-04-09 12:27:20,109 DEBUG:http://products.openznet.com:80 "GET /api/personalizer/v1.0/devices/byDeviceId/00:25:4c:31:8c:a6 HTTP/1.1" 200 215
2018-04-09 12:27:20,118 DEBUG:Starting new HTTP connection (1): products.openznet.com
2018-04-09 12:27:20,274 DEBUG:http://products.openznet.com:80 "POST /api/personalizer/v1.0/devices HTTP/1.1" 200 215
2018-04-09 12:27:20,296 INFO:New User: 39
2018-04-09 12:28:38,587 DEBUG:Starting new HTTP connection (1): products.openznet.com
2018-04-09 12:28:38,783 DEBUG:http://products.openznet.com:80 "GET /api/personalizer/v1.0/devices/byDeviceId/00:25:4c:31:8c:a6 HTTP/1.1" 200 215
2018-04-09 12:28:38,795 DEBUG:Starting new HTTP connection (1): products.openznet.com
2018-04-09 12:28:38,951 DEBUG:http://products.openznet.com:80 "POST /api/personalizer/v1.0/devices HTTP/1.1" 200 215
2018-04-09 12:28:38,981 INFO:New User: 44
2018-04-09 12:28:48,153 DEBUG:Starting new HTTP connection (1): products.openznet.com
2018-04-09 12:28:48,311 DEBUG:http://products.openznet.com:80 "GET /api/personalizer/v1.0/devices/byDeviceId/00:25:4c:31:8c:a6 HTTP/1.1" 200 215
2018-04-09 12:29:40,702 DEBUG:Starting new HTTP connection (1): products.openznet.com
2018-04-09 12:29:40,880 DEBUG:http://products.openznet.com:80 "GET /api/personalizer/v1.0/devices/byDeviceId/00:25:4c:31:8c:a6 HTTP/1.1" 200 215
2018-04-09 12:29:40,889 DEBUG:Starting new HTTP connection (1): products.openznet.com
2018-04-09 12:29:41,045 DEBUG:http://products.openznet.com:80 "POST /api/personalizer/v1.0/devices HTTP/1.1" 200 215
2018-04-09 12:29:41,072 INFO:New User: 39
2018-04-09 12:29:42,469 DEBUG:Starting new HTTP connection (1): products.openznet.com
2018-04-09 12:29:42,621 DEBUG:http://products.openznet.com:80 "GET /api/personalizer/v1.0/devices/byDeviceId/00:25:4c:31:8c:a6 HTTP/1.1" 200 215
2018-04-09 12:29:43,982 DEBUG:Starting new HTTP connection (1): products.openznet.com
2018-04-09 12:29:44,135 DEBUG:http://products.openznet.com:80 "GET /api/personalizer/v1.0/devices/byDeviceId/00:25:4c:31:8c:a6 HTTP/1.1" 200 215
2018-04-09 12:29:46,883 DEBUG:Starting new HTTP connection (1): products.openznet.com
2018-04-09 12:29:47,035 DEBUG:http://products.openznet.com:80 "GET /api/personalizer/v1.0/devices/byDeviceId/00:25:4c:31:8c:a6 HTTP/1.1" 200 215
2018-04-09 12:29:53,095 DEBUG:Starting new HTTP connection (1): products.openznet.com
2018-04-09 12:29:53,249 DEBUG:http://products.openznet.com:80 "GET /api/personalizer/v1.0/devices/byDeviceId/00:25:4c:31:8c:a6 HTTP/1.1" 200 215
2018-04-09 12:30:07,208 DEBUG:Starting new HTTP connection (1): products.openznet.com
2018-04-09 12:30:07,383 DEBUG:http://products.openznet.com:80 "GET /api/personalizer/v1.0/devices/byDeviceId/00:25:4c:31:8c:a6 HTTP/1.1" 200 215
2018-04-09 12:30:07,394 DEBUG:Starting new HTTP connection (1): products.openznet.com
2018-04-09 12:30:07,554 DEBUG:http://products.openznet.com:80 "POST /api/personalizer/v1.0/devices HTTP/1.1" 200 215
2018-04-09 12:30:07,583 INFO:New User: 44
2018-04-09 12:30:19,874 DEBUG:Starting new HTTP connection (1): products.openznet.com
2018-04-09 12:30:20,077 DEBUG:http://products.openznet.com:80 "GET /api/personalizer/v1.0/devices/byDeviceId/00:25:4c:31:8c:a6 HTTP/1.1" 200 215
2018-04-09 12:30:20,095 DEBUG:Starting new HTTP connection (1): products.openznet.com
2018-04-09 12:30:20,251 DEBUG:http://products.openznet.com:80 "POST /api/personalizer/v1.0/devices HTTP/1.1" 200 215
2018-04-09 12:30:20,281 INFO:New User: 45
2018-04-09 12:30:21,654 DEBUG:Starting new HTTP connection (1): products.openznet.com
2018-04-09 12:30:21,810 DEBUG:http://products.openznet.com:80 "GET /api/personalizer/v1.0/devices/byDeviceId/00:25:4c:31:8c:a6 HTTP/1.1" 200 215
2018-04-09 12:30:36,214 DEBUG:Starting new HTTP connection (1): products.openznet.com
2018-04-09 12:30:36,368 DEBUG:http://products.openznet.com:80 "GET /api/personalizer/v1.0/devices/byDeviceId/00:25:4c:31:8c:a6 HTTP/1.1" 200 215
2018-04-09 12:30:36,376 DEBUG:Starting new HTTP connection (1): products.openznet.com
2018-04-09 12:30:36,532 DEBUG:http://products.openznet.com:80 "POST /api/personalizer/v1.0/devices HTTP/1.1" 200 215
2018-04-09 12:30:36,558 INFO:New User: 44
2018-04-09 12:30:37,873 DEBUG:Starting new HTTP connection (1): products.openznet.com
2018-04-09 12:30:38,026 DEBUG:http://products.openznet.com:80 "GET /api/personalizer/v1.0/devices/byDeviceId/00:25:4c:31:8c:a6 HTTP/1.1" 200 215
2018-04-09 12:30:42,875 DEBUG:Starting new HTTP connection (1): products.openznet.com
2018-04-09 12:30:43,050 DEBUG:http://products.openznet.com:80 "GET /api/personalizer/v1.0/devices/byDeviceId/00:25:4c:31:8c:a6 HTTP/1.1" 200 215
2018-04-09 12:30:43,064 DEBUG:Starting new HTTP connection (1): products.openznet.com
2018-04-09 12:30:43,223 DEBUG:http://products.openznet.com:80 "POST /api/personalizer/v1.0/devices HTTP/1.1" 200 215
2018-04-09 12:30:43,249 INFO:New User: 39
2018-04-09 12:30:49,615 DEBUG:Starting new HTTP connection (1): products.openznet.com
2018-04-09 12:30:49,770 DEBUG:http://products.openznet.com:80 "GET /api/personalizer/v1.0/devices/byDeviceId/00:25:4c:31:8c:a6 HTTP/1.1" 200 215
2018-04-09 12:30:51,103 DEBUG:Starting new HTTP connection (1): products.openznet.com
2018-04-09 12:30:51,256 DEBUG:http://products.openznet.com:80 "GET /api/personalizer/v1.0/devices/byDeviceId/00:25:4c:31:8c:a6 HTTP/1.1" 200 215
2018-04-09 12:30:52,581 DEBUG:Starting new HTTP connection (1): products.openznet.com
2018-04-09 12:30:52,736 DEBUG:http://products.openznet.com:80 "GET /api/personalizer/v1.0/devices/byDeviceId/00:25:4c:31:8c:a6 HTTP/1.1" 200 215
2018-04-09 12:30:53,965 DEBUG:Starting new HTTP connection (1): products.openznet.com
2018-04-09 12:30:54,118 DEBUG:http://products.openznet.com:80 "GET /api/personalizer/v1.0/devices/byDeviceId/00:25:4c:31:8c:a6 HTTP/1.1" 200 215
2018-04-09 12:31:00,749 DEBUG:Starting new HTTP connection (1): products.openznet.com
2018-04-09 12:31:00,925 DEBUG:http://products.openznet.com:80 "GET /api/personalizer/v1.0/devices/byDeviceId/00:25:4c:31:8c:a6 HTTP/1.1" 200 215
2018-04-09 12:31:00,933 DEBUG:Starting new HTTP connection (1): products.openznet.com
2018-04-09 12:31:01,090 DEBUG:http://products.openznet.com:80 "POST /api/personalizer/v1.0/devices HTTP/1.1" 200 215
2018-04-09 12:31:01,115 INFO:New User: 44
2018-04-09 12:31:02,432 DEBUG:Starting new HTTP connection (1): products.openznet.com
2018-04-09 12:31:02,587 DEBUG:http://products.openznet.com:80 "GET /api/personalizer/v1.0/devices/byDeviceId/00:25:4c:31:8c:a6 HTTP/1.1" 200 215
2018-04-09 12:31:56,628 DEBUG:Starting new HTTP connection (1): products.openznet.com
2018-04-09 12:31:56,799 DEBUG:http://products.openznet.com:80 "GET /api/personalizer/v1.0/devices/byDeviceId/00:25:4c:31:8c:a6 HTTP/1.1" 200 215
2018-04-09 12:31:56,810 DEBUG:Starting new HTTP connection (1): products.openznet.com
2018-04-09 12:31:56,967 DEBUG:http://products.openznet.com:80 "POST /api/personalizer/v1.0/devices HTTP/1.1" 200 215
2018-04-09 12:31:56,994 INFO:New User: 39
2018-04-09 12:31:59,303 DEBUG:Starting new HTTP connection (1): products.openznet.com
2018-04-09 12:31:59,478 DEBUG:http://products.openznet.com:80 "GET /api/personalizer/v1.0/devices/byDeviceId/00:25:4c:31:8c:a6 HTTP/1.1" 200 215
2018-04-09 12:32:03,175 DEBUG:Starting new HTTP connection (1): products.openznet.com
2018-04-09 12:32:03,331 DEBUG:http://products.openznet.com:80 "GET /api/personalizer/v1.0/devices/byDeviceId/00:25:4c:31:8c:a6 HTTP/1.1" 200 215
2018-04-09 12:32:04,562 DEBUG:Starting new HTTP connection (1): products.openznet.com
2018-04-09 12:32:04,717 DEBUG:http://products.openznet.com:80 "GET /api/personalizer/v1.0/devices/byDeviceId/00:25:4c:31:8c:a6 HTTP/1.1" 200 215
2018-04-09 12:32:05,917 DEBUG:Starting new HTTP connection (1): products.openznet.com
2018-04-09 12:32:06,072 DEBUG:http://products.openznet.com:80 "GET /api/personalizer/v1.0/devices/byDeviceId/00:25:4c:31:8c:a6 HTTP/1.1" 200 215
2018-04-09 12:32:27,442 DEBUG:Starting new HTTP connection (1): products.openznet.com
2018-04-09 12:32:27,594 DEBUG:http://products.openznet.com:80 "GET /api/personalizer/v1.0/devices/byDeviceId/00:25:4c:31:8c:a6 HTTP/1.1" 200 215
2018-04-09 12:32:31,020 DEBUG:Starting new HTTP connection (1): products.openznet.com
2018-04-09 12:32:31,173 DEBUG:http://products.openznet.com:80 "GET /api/personalizer/v1.0/devices/byDeviceId/00:25:4c:31:8c:a6 HTTP/1.1" 200 215
2018-04-09 12:32:32,363 DEBUG:Starting new HTTP connection (1): products.openznet.com
2018-04-09 12:32:32,523 DEBUG:http://products.openznet.com:80 "GET /api/personalizer/v1.0/devices/byDeviceId/00:25:4c:31:8c:a6 HTTP/1.1" 200 215
2018-04-09 12:32:34,889 DEBUG:Starting new HTTP connection (1): products.openznet.com
2018-04-09 12:32:35,048 DEBUG:http://products.openznet.com:80 "GET /api/personalizer/v1.0/devices/byDeviceId/00:25:4c:31:8c:a6 HTTP/1.1" 200 215
2018-04-09 12:32:36,267 DEBUG:Starting new HTTP connection (1): products.openznet.com
2018-04-09 12:32:36,421 DEBUG:http://products.openznet.com:80 "GET /api/personalizer/v1.0/devices/byDeviceId/00:25:4c:31:8c:a6 HTTP/1.1" 200 215
2018-04-09 12:32:37,603 DEBUG:Starting new HTTP connection (1): products.openznet.com
2018-04-09 12:32:37,755 DEBUG:http://products.openznet.com:80 "GET /api/personalizer/v1.0/devices/byDeviceId/00:25:4c:31:8c:a6 HTTP/1.1" 200 215
2018-04-09 12:32:38,951 DEBUG:Starting new HTTP connection (1): products.openznet.com
2018-04-09 12:32:39,126 DEBUG:http://products.openznet.com:80 "GET /api/personalizer/v1.0/devices/byDeviceId/00:25:4c:31:8c:a6 HTTP/1.1" 200 215
2018-04-09 12:32:47,214 DEBUG:Starting new HTTP connection (1): products.openznet.com
2018-04-09 12:32:47,370 DEBUG:http://products.openznet.com:80 "GET /api/personalizer/v1.0/devices/byDeviceId/00:25:4c:31:8c:a6 HTTP/1.1" 200 215
2018-04-09 12:32:47,381 DEBUG:Starting new HTTP connection (1): products.openznet.com
2018-04-09 12:32:47,537 DEBUG:http://products.openznet.com:80 "POST /api/personalizer/v1.0/devices HTTP/1.1" 200 215
2018-04-09 12:32:47,563 INFO:New User: 44
2018-04-09 12:33:05,617 DEBUG:Starting new HTTP connection (1): products.openznet.com
2018-04-09 12:33:05,795 DEBUG:http://products.openznet.com:80 "GET /api/personalizer/v1.0/devices/byDeviceId/00:25:4c:31:8c:a6 HTTP/1.1" 200 215
2018-04-09 12:33:05,804 DEBUG:Starting new HTTP connection (1): products.openznet.com
2018-04-09 12:33:05,961 DEBUG:http://products.openznet.com:80 "POST /api/personalizer/v1.0/devices HTTP/1.1" 200 215
2018-04-09 12:33:05,990 INFO:New User: 10
2018-04-09 12:33:07,298 DEBUG:Starting new HTTP connection (1): products.openznet.com
2018-04-09 12:33:07,453 DEBUG:http://products.openznet.com:80 "GET /api/personalizer/v1.0/devices/byDeviceId/00:25:4c:31:8c:a6 HTTP/1.1" 200 215
2018-04-09 12:33:10,125 DEBUG:Starting new HTTP connection (1): products.openznet.com
2018-04-09 12:33:10,280 DEBUG:http://products.openznet.com:80 "GET /api/personalizer/v1.0/devices/byDeviceId/00:25:4c:31:8c:a6 HTTP/1.1" 200 215
2018-04-09 12:33:11,744 DEBUG:Starting new HTTP connection (1): products.openznet.com
2018-04-09 12:33:11,898 DEBUG:http://products.openznet.com:80 "GET /api/personalizer/v1.0/devices/byDeviceId/00:25:4c:31:8c:a6 HTTP/1.1" 200 215
2018-04-09 12:33:13,241 DEBUG:Starting new HTTP connection (1): products.openznet.com
2018-04-09 12:33:13,394 DEBUG:http://products.openznet.com:80 "GET /api/personalizer/v1.0/devices/byDeviceId/00:25:4c:31:8c:a6 HTTP/1.1" 200 215
2018-04-09 12:36:45,486 DEBUG:Starting new HTTP connection (1): products.openznet.com
2018-04-09 12:36:45,641 DEBUG:http://products.openznet.com:80 "GET /api/personalizer/v1.0/devices/byDeviceId/00:25:4c:31:8c:a6 HTTP/1.1" 200 215
2018-04-09 12:36:45,649 DEBUG:Starting new HTTP connection (1): products.openznet.com
2018-04-09 12:36:45,803 DEBUG:http://products.openznet.com:80 "POST /api/personalizer/v1.0/devices HTTP/1.1" 200 215
2018-04-09 12:36:45,823 INFO:New User: 44
2018-04-09 12:36:48,623 DEBUG:Starting new HTTP connection (1): products.openznet.com
2018-04-09 12:36:48,774 DEBUG:http://products.openznet.com:80 "GET /api/personalizer/v1.0/devices/byDeviceId/00:25:4c:31:8c:a6 HTTP/1.1" 200 215
2018-04-09 12:36:48,785 DEBUG:Starting new HTTP connection (1): products.openznet.com
2018-04-09 12:36:48,940 DEBUG:http://products.openznet.com:80 "POST /api/personalizer/v1.0/devices HTTP/1.1" 200 215
2018-04-09 12:36:48,965 INFO:New User: 10
2018-04-09 12:36:50,470 DEBUG:Starting new HTTP connection (1): products.openznet.com
2018-04-09 12:36:50,626 DEBUG:http://products.openznet.com:80 "GET /api/personalizer/v1.0/devices/byDeviceId/00:25:4c:31:8c:a6 HTTP/1.1" 200 215
2018-04-09 12:36:55,964 DEBUG:Starting new HTTP connection (1): products.openznet.com
2018-04-09 12:36:56,118 DEBUG:http://products.openznet.com:80 "GET /api/personalizer/v1.0/devices/byDeviceId/00:25:4c:31:8c:a6 HTTP/1.1" 200 215
2018-04-09 12:36:56,129 DEBUG:Starting new HTTP connection (1): products.openznet.com
2018-04-09 12:36:56,287 DEBUG:http://products.openznet.com:80 "POST /api/personalizer/v1.0/devices HTTP/1.1" 200 215
2018-04-09 12:36:56,313 INFO:New User: 39
2018-04-09 12:37:30,584 DEBUG:Starting new HTTP connection (1): products.openznet.com
2018-04-09 12:37:30,756 DEBUG:http://products.openznet.com:80 "GET /api/personalizer/v1.0/devices/byDeviceId/00:25:4c:31:8c:a6 HTTP/1.1" 200 215
2018-04-09 12:37:32,094 DEBUG:Starting new HTTP connection (1): products.openznet.com
2018-04-09 12:37:32,247 DEBUG:http://products.openznet.com:80 "GET /api/personalizer/v1.0/devices/byDeviceId/00:25:4c:31:8c:a6 HTTP/1.1" 200 215
2018-04-09 12:37:33,731 DEBUG:Starting new HTTP connection (1): products.openznet.com
2018-04-09 12:37:33,884 DEBUG:http://products.openznet.com:80 "GET /api/personalizer/v1.0/devices/byDeviceId/00:25:4c:31:8c:a6 HTTP/1.1" 200 215
2018-04-09 12:37:37,857 DEBUG:Starting new HTTP connection (1): products.openznet.com
2018-04-09 12:37:38,010 DEBUG:http://products.openznet.com:80 "GET /api/personalizer/v1.0/devices/byDeviceId/00:25:4c:31:8c:a6 HTTP/1.1" 200 215
2018-04-09 12:37:40,691 DEBUG:Starting new HTTP connection (1): products.openznet.com
2018-04-09 12:37:40,848 DEBUG:http://products.openznet.com:80 "GET /api/personalizer/v1.0/devices/byDeviceId/00:25:4c:31:8c:a6 HTTP/1.1" 200 215
2018-04-09 12:37:42,384 DEBUG:Starting new HTTP connection (1): products.openznet.com
2018-04-09 12:37:42,537 DEBUG:http://products.openznet.com:80 "GET /api/personalizer/v1.0/devices/byDeviceId/00:25:4c:31:8c:a6 HTTP/1.1" 200 215
2018-04-09 12:37:43,892 DEBUG:Starting new HTTP connection (1): products.openznet.com
2018-04-09 12:37:44,045 DEBUG:http://products.openznet.com:80 "GET /api/personalizer/v1.0/devices/byDeviceId/00:25:4c:31:8c:a6 HTTP/1.1" 200 215
2018-04-09 12:37:45,457 DEBUG:Starting new HTTP connection (1): products.openznet.com
2018-04-09 12:37:45,610 DEBUG:http://products.openznet.com:80 "GET /api/personalizer/v1.0/devices/byDeviceId/00:25:4c:31:8c:a6 HTTP/1.1" 200 215
2018-04-09 12:37:47,017 DEBUG:Starting new HTTP connection (1): products.openznet.com
2018-04-09 12:37:47,169 DEBUG:http://products.openznet.com:80 "GET /api/personalizer/v1.0/devices/byDeviceId/00:25:4c:31:8c:a6 HTTP/1.1" 200 215
2018-04-09 12:37:48,547 DEBUG:Starting new HTTP connection (1): products.openznet.com
2018-04-09 12:37:48,702 DEBUG:http://products.openznet.com:80 "GET /api/personalizer/v1.0/devices/byDeviceId/00:25:4c:31:8c:a6 HTTP/1.1" 200 215
2018-04-09 12:37:55,419 DEBUG:Starting new HTTP connection (1): products.openznet.com
2018-04-09 12:37:55,571 DEBUG:http://products.openznet.com:80 "GET /api/personalizer/v1.0/devices/byDeviceId/00:25:4c:31:8c:a6 HTTP/1.1" 200 215
2018-04-09 12:37:57,003 DEBUG:Starting new HTTP connection (1): products.openznet.com
2018-04-09 12:37:57,157 DEBUG:http://products.openznet.com:80 "GET /api/personalizer/v1.0/devices/byDeviceId/00:25:4c:31:8c:a6 HTTP/1.1" 200 215
2018-04-09 12:37:58,633 DEBUG:Starting new HTTP connection (1): products.openznet.com
2018-04-09 12:37:58,787 DEBUG:http://products.openznet.com:80 "GET /api/personalizer/v1.0/devices/byDeviceId/00:25:4c:31:8c:a6 HTTP/1.1" 200 215
2018-04-09 12:38:00,260 DEBUG:Starting new HTTP connection (1): products.openznet.com
2018-04-09 12:38:00,412 DEBUG:http://products.openznet.com:80 "GET /api/personalizer/v1.0/devices/byDeviceId/00:25:4c:31:8c:a6 HTTP/1.1" 200 215
2018-04-09 12:38:01,897 DEBUG:Starting new HTTP connection (1): products.openznet.com
2018-04-09 12:38:02,051 DEBUG:http://products.openznet.com:80 "GET /api/personalizer/v1.0/devices/byDeviceId/00:25:4c:31:8c:a6 HTTP/1.1" 200 215
2018-04-09 12:38:07,520 DEBUG:Starting new HTTP connection (1): products.openznet.com
2018-04-09 12:38:07,672 DEBUG:http://products.openznet.com:80 "GET /api/personalizer/v1.0/devices/byDeviceId/00:25:4c:31:8c:a6 HTTP/1.1" 200 215
2018-04-09 12:38:15,042 DEBUG:Starting new HTTP connection (1): products.openznet.com
2018-04-09 12:38:15,199 DEBUG:http://products.openznet.com:80 "GET /api/personalizer/v1.0/devices/byDeviceId/00:25:4c:31:8c:a6 HTTP/1.1" 200 215
2018-04-09 12:38:16,490 DEBUG:Starting new HTTP connection (1): products.openznet.com
2018-04-09 12:38:16,649 DEBUG:http://products.openznet.com:80 "GET /api/personalizer/v1.0/devices/byDeviceId/00:25:4c:31:8c:a6 HTTP/1.1" 200 215
2018-04-09 12:38:22,461 DEBUG:Starting new HTTP connection (1): products.openznet.com
2018-04-09 12:38:22,615 DEBUG:http://products.openznet.com:80 "GET /api/personalizer/v1.0/devices/byDeviceId/00:25:4c:31:8c:a6 HTTP/1.1" 200 215
2018-04-09 12:38:23,910 DEBUG:Starting new HTTP connection (1): products.openznet.com
2018-04-09 12:38:24,064 DEBUG:http://products.openznet.com:80 "GET /api/personalizer/v1.0/devices/byDeviceId/00:25:4c:31:8c:a6 HTTP/1.1" 200 215
2018-04-09 12:38:25,357 DEBUG:Starting new HTTP connection (1): products.openznet.com
2018-04-09 12:38:25,512 DEBUG:http://products.openznet.com:80 "GET /api/personalizer/v1.0/devices/byDeviceId/00:25:4c:31:8c:a6 HTTP/1.1" 200 215
2018-04-09 12:38:26,804 DEBUG:Starting new HTTP connection (1): products.openznet.com
2018-04-09 12:38:26,963 DEBUG:http://products.openznet.com:80 "GET /api/personalizer/v1.0/devices/byDeviceId/00:25:4c:31:8c:a6 HTTP/1.1" 200 215
2018-04-09 12:38:36,746 DEBUG:Starting new HTTP connection (1): products.openznet.com
2018-04-09 12:38:36,902 DEBUG:http://products.openznet.com:80 "GET /api/personalizer/v1.0/devices/byDeviceId/00:25:4c:31:8c:a6 HTTP/1.1" 200 215
2018-04-09 12:38:36,910 DEBUG:Starting new HTTP connection (1): products.openznet.com
2018-04-09 12:38:37,066 DEBUG:http://products.openznet.com:80 "POST /api/personalizer/v1.0/devices HTTP/1.1" 200 215
2018-04-09 12:38:37,096 INFO:New User: 10
2018-04-09 12:38:38,473 DEBUG:Starting new HTTP connection (1): products.openznet.com
2018-04-09 12:38:38,624 DEBUG:http://products.openznet.com:80 "GET /api/personalizer/v1.0/devices/byDeviceId/00:25:4c:31:8c:a6 HTTP/1.1" 200 215
2018-04-09 12:38:39,865 DEBUG:Starting new HTTP connection (1): products.openznet.com
2018-04-09 12:38:40,017 DEBUG:http://products.openznet.com:80 "GET /api/personalizer/v1.0/devices/byDeviceId/00:25:4c:31:8c:a6 HTTP/1.1" 200 215
2018-04-09 12:38:41,272 DEBUG:Starting new HTTP connection (1): products.openznet.com
2018-04-09 12:38:41,426 DEBUG:http://products.openznet.com:80 "GET /api/personalizer/v1.0/devices/byDeviceId/00:25:4c:31:8c:a6 HTTP/1.1" 200 215
2018-04-09 12:44:01,591 DEBUG:Starting new HTTP connection (1): products.openznet.com
2018-04-09 12:44:01,784 DEBUG:http://products.openznet.com:80 "GET /api/personalizer/v1.0/devices/byDeviceId/00:25:4c:31:8c:a6 HTTP/1.1" 200 215
2018-04-09 12:44:01,796 DEBUG:Starting new HTTP connection (1): products.openznet.com
2018-04-09 12:44:01,956 DEBUG:http://products.openznet.com:80 "POST /api/personalizer/v1.0/devices HTTP/1.1" 200 215
2018-04-09 12:44:01,983 INFO:New User: 45
2018-04-09 12:44:08,272 DEBUG:Starting new HTTP connection (1): products.openznet.com
2018-04-09 12:44:08,427 DEBUG:http://products.openznet.com:80 "GET /api/personalizer/v1.0/devices/byDeviceId/00:25:4c:31:8c:a6 HTTP/1.1" 200 215
2018-04-09 12:50:13,957 DEBUG:Starting new HTTP connection (1): products.openznet.com
2018-04-09 12:50:14,133 DEBUG:http://products.openznet.com:80 "GET /api/personalizer/v1.0/devices/byDeviceId/00:25:4c:31:8c:a6 HTTP/1.1" 200 215
2018-04-09 12:50:14,142 DEBUG:Starting new HTTP connection (1): products.openznet.com
2018-04-09 12:50:14,307 DEBUG:http://products.openznet.com:80 "POST /api/personalizer/v1.0/devices HTTP/1.1" 200 215
2018-04-09 12:50:14,330 INFO:New User: 39
2018-04-09 13:03:45,055 DEBUG:Starting new HTTP connection (1): products.openznet.com
2018-04-09 13:03:45,253 DEBUG:http://products.openznet.com:80 "GET /api/personalizer/v1.0/devices/byDeviceId/00:25:4c:31:8c:a6 HTTP/1.1" 200 215
2018-04-09 13:03:45,261 DEBUG:Starting new HTTP connection (1): products.openznet.com
2018-04-09 13:03:45,416 DEBUG:http://products.openznet.com:80 "POST /api/personalizer/v1.0/devices HTTP/1.1" 200 215
2018-04-09 13:03:45,444 INFO:New User: 45
2018-04-09 13:03:46,619 DEBUG:Starting new HTTP connection (1): products.openznet.com
2018-04-09 13:03:46,773 DEBUG:http://products.openznet.com:80 "GET /api/personalizer/v1.0/devices/byDeviceId/00:25:4c:31:8c:a6 HTTP/1.1" 200 215
2018-04-09 13:09:43,179 DEBUG:Starting new HTTP connection (1): products.openznet.com
2018-04-09 13:09:43,359 DEBUG:http://products.openznet.com:80 "GET /api/personalizer/v1.0/devices/byDeviceId/00:25:4c:31:8c:a6 HTTP/1.1" 200 215
2018-04-09 13:09:43,368 DEBUG:Starting new HTTP connection (1): products.openznet.com
2018-04-09 13:09:43,528 DEBUG:http://products.openznet.com:80 "POST /api/personalizer/v1.0/devices HTTP/1.1" 200 215
2018-04-09 13:09:43,558 INFO:New User: 39
2018-04-09 13:09:50,339 DEBUG:Starting new HTTP connection (1): products.openznet.com
2018-04-09 13:09:50,492 DEBUG:http://products.openznet.com:80 "GET /api/personalizer/v1.0/devices/byDeviceId/00:25:4c:31:8c:a6 HTTP/1.1" 200 215
2018-04-09 13:09:51,675 DEBUG:Starting new HTTP connection (1): products.openznet.com
2018-04-09 13:09:51,829 DEBUG:http://products.openznet.com:80 "GET /api/personalizer/v1.0/devices/byDeviceId/00:25:4c:31:8c:a6 HTTP/1.1" 200 215
2018-04-09 13:09:53,032 DEBUG:Starting new HTTP connection (1): products.openznet.com
2018-04-09 13:09:53,187 DEBUG:http://products.openznet.com:80 "GET /api/personalizer/v1.0/devices/byDeviceId/00:25:4c:31:8c:a6 HTTP/1.1" 200 215
2018-04-09 13:09:54,457 DEBUG:Starting new HTTP connection (1): products.openznet.com
2018-04-09 13:09:54,617 DEBUG:http://products.openznet.com:80 "GET /api/personalizer/v1.0/devices/byDeviceId/00:25:4c:31:8c:a6 HTTP/1.1" 200 215
2018-04-09 13:09:54,624 DEBUG:Starting new HTTP connection (1): products.openznet.com
2018-04-09 13:09:54,782 DEBUG:http://products.openznet.com:80 "POST /api/personalizer/v1.0/devices HTTP/1.1" 200 215
2018-04-09 13:09:54,817 INFO:New User: 44
2018-04-09 13:09:56,112 DEBUG:Starting new HTTP connection (1): products.openznet.com
2018-04-09 13:09:56,265 DEBUG:http://products.openznet.com:80 "GET /api/personalizer/v1.0/devices/byDeviceId/00:25:4c:31:8c:a6 HTTP/1.1" 200 215
2018-04-09 13:09:56,277 DEBUG:Starting new HTTP connection (1): products.openznet.com
2018-04-09 13:09:56,431 DEBUG:http://products.openznet.com:80 "POST /api/personalizer/v1.0/devices HTTP/1.1" 200 215
2018-04-09 13:09:56,458 INFO:New User: 39
2018-04-09 13:09:58,936 DEBUG:Starting new HTTP connection (1): products.openznet.com
2018-04-09 13:09:59,092 DEBUG:http://products.openznet.com:80 "GET /api/personalizer/v1.0/devices/byDeviceId/00:25:4c:31:8c:a6 HTTP/1.1" 200 215
2018-04-09 13:10:00,318 DEBUG:Starting new HTTP connection (1): products.openznet.com
2018-04-09 13:10:00,474 DEBUG:http://products.openznet.com:80 "GET /api/personalizer/v1.0/devices/byDeviceId/00:25:4c:31:8c:a6 HTTP/1.1" 200 215
2018-04-09 13:10:03,804 DEBUG:Starting new HTTP connection (1): products.openznet.com
2018-04-09 13:10:03,959 DEBUG:http://products.openznet.com:80 "GET /api/personalizer/v1.0/devices/byDeviceId/00:25:4c:31:8c:a6 HTTP/1.1" 200 215
2018-04-09 13:10:21,591 DEBUG:Starting new HTTP connection (1): products.openznet.com
2018-04-09 13:10:21,766 DEBUG:http://products.openznet.com:80 "GET /api/personalizer/v1.0/devices/byDeviceId/00:25:4c:31:8c:a6 HTTP/1.1" 200 215
2018-04-09 13:10:21,775 DEBUG:Starting new HTTP connection (1): products.openznet.com
2018-04-09 13:10:21,931 DEBUG:http://products.openznet.com:80 "POST /api/personalizer/v1.0/devices HTTP/1.1" 200 215
2018-04-09 13:10:21,959 INFO:New User: 45
2018-04-09 13:12:10,382 DEBUG:Starting new HTTP connection (1): products.openznet.com
2018-04-09 13:12:10,569 DEBUG:http://products.openznet.com:80 "GET /api/personalizer/v1.0/devices/byDeviceId/00:25:4c:31:8c:a6 HTTP/1.1" 200 215
2018-04-09 13:12:10,580 DEBUG:Starting new HTTP connection (1): products.openznet.com
2018-04-09 13:12:10,735 DEBUG:http://products.openznet.com:80 "POST /api/personalizer/v1.0/devices HTTP/1.1" 200 215
2018-04-09 13:12:10,765 INFO:New User: 39
2018-04-09 13:12:44,492 DEBUG:Starting new HTTP connection (1): products.openznet.com
2018-04-09 13:12:44,669 DEBUG:http://products.openznet.com:80 "GET /api/personalizer/v1.0/devices/byDeviceId/00:25:4c:31:8c:a6 HTTP/1.1" 200 215
2018-04-09 13:12:44,681 DEBUG:Starting new HTTP connection (1): products.openznet.com
2018-04-09 13:12:44,838 DEBUG:http://products.openznet.com:80 "POST /api/personalizer/v1.0/devices HTTP/1.1" 200 215
2018-04-09 13:12:44,863 INFO:New User: 44
2018-04-09 13:12:47,324 DEBUG:Starting new HTTP connection (1): products.openznet.com
2018-04-09 13:12:47,476 DEBUG:http://products.openznet.com:80 "GET /api/personalizer/v1.0/devices/byDeviceId/00:25:4c:31:8c:a6 HTTP/1.1" 200 215
2018-04-09 13:14:38,083 DEBUG:Starting new HTTP connection (1): products.openznet.com
2018-04-09 13:14:38,273 DEBUG:http://products.openznet.com:80 "GET /api/personalizer/v1.0/devices/byDeviceId/00:25:4c:31:8c:a6 HTTP/1.1" 200 215
2018-04-09 13:14:38,288 DEBUG:Starting new HTTP connection (1): products.openznet.com
2018-04-09 13:14:38,446 DEBUG:http://products.openznet.com:80 "POST /api/personalizer/v1.0/devices HTTP/1.1" 200 215
2018-04-09 13:14:38,467 INFO:New User: 10
2018-04-09 13:14:42,228 DEBUG:Starting new HTTP connection (1): products.openznet.com
2018-04-09 13:14:42,380 DEBUG:http://products.openznet.com:80 "GET /api/personalizer/v1.0/devices/byDeviceId/00:25:4c:31:8c:a6 HTTP/1.1" 200 215
2018-04-09 13:14:49,946 DEBUG:Starting new HTTP connection (1): products.openznet.com
2018-04-09 13:14:50,100 DEBUG:http://products.openznet.com:80 "GET /api/personalizer/v1.0/devices/byDeviceId/00:25:4c:31:8c:a6 HTTP/1.1" 200 215
2018-04-09 13:14:50,109 DEBUG:Starting new HTTP connection (1): products.openznet.com
2018-04-09 13:14:50,264 DEBUG:http://products.openznet.com:80 "POST /api/personalizer/v1.0/devices HTTP/1.1" 200 215
2018-04-09 13:14:50,288 INFO:New User: 44
2018-04-09 13:14:58,002 DEBUG:Starting new HTTP connection (1): products.openznet.com
2018-04-09 13:14:58,159 DEBUG:http://products.openznet.com:80 "GET /api/personalizer/v1.0/devices/byDeviceId/00:25:4c:31:8c:a6 HTTP/1.1" 200 215
2018-04-09 13:14:58,167 DEBUG:Starting new HTTP connection (1): products.openznet.com
2018-04-09 13:14:58,324 DEBUG:http://products.openznet.com:80 "POST /api/personalizer/v1.0/devices HTTP/1.1" 200 215
2018-04-09 13:14:58,343 INFO:New User: 45
2018-04-09 13:14:59,692 DEBUG:Starting new HTTP connection (1): products.openznet.com
2018-04-09 13:14:59,845 DEBUG:http://products.openznet.com:80 "GET /api/personalizer/v1.0/devices/byDeviceId/00:25:4c:31:8c:a6 HTTP/1.1" 200 215
2018-04-09 13:15:03,848 DEBUG:Starting new HTTP connection (1): products.openznet.com
2018-04-09 13:15:04,035 DEBUG:http://products.openznet.com:80 "GET /api/personalizer/v1.0/devices/byDeviceId/00:25:4c:31:8c:a6 HTTP/1.1" 200 215
2018-04-09 13:15:04,046 DEBUG:Starting new HTTP connection (1): products.openznet.com
2018-04-09 13:15:04,202 DEBUG:http://products.openznet.com:80 "POST /api/personalizer/v1.0/devices HTTP/1.1" 200 215
2018-04-09 13:15:04,226 INFO:New User: 39
2018-04-09 13:15:05,572 DEBUG:Starting new HTTP connection (1): products.openznet.com
2018-04-09 13:15:05,725 DEBUG:http://products.openznet.com:80 "GET /api/personalizer/v1.0/devices/byDeviceId/00:25:4c:31:8c:a6 HTTP/1.1" 200 215
2018-04-09 13:15:13,718 DEBUG:Starting new HTTP connection (1): products.openznet.com
2018-04-09 13:15:13,871 DEBUG:http://products.openznet.com:80 "GET /api/personalizer/v1.0/devices/byDeviceId/00:25:4c:31:8c:a6 HTTP/1.1" 200 215
2018-04-09 13:15:13,879 DEBUG:Starting new HTTP connection (1): products.openznet.com
2018-04-09 13:15:14,037 DEBUG:http://products.openznet.com:80 "POST /api/personalizer/v1.0/devices HTTP/1.1" 200 215
2018-04-09 13:15:14,067 INFO:New User: 44
2018-04-09 13:15:18,174 DEBUG:Starting new HTTP connection (1): products.openznet.com
2018-04-09 13:15:18,330 DEBUG:http://products.openznet.com:80 "GET /api/personalizer/v1.0/devices/byDeviceId/00:25:4c:31:8c:a6 HTTP/1.1" 200 215
2018-04-09 13:15:18,338 DEBUG:Starting new HTTP connection (1): products.openznet.com
2018-04-09 13:15:18,494 DEBUG:http://products.openznet.com:80 "POST /api/personalizer/v1.0/devices HTTP/1.1" 200 215
2018-04-09 13:15:18,519 INFO:New User: 39
2018-04-09 13:15:21,210 DEBUG:Starting new HTTP connection (1): products.openznet.com
2018-04-09 13:15:21,387 DEBUG:http://products.openznet.com:80 "GET /api/personalizer/v1.0/devices/byDeviceId/00:25:4c:31:8c:a6 HTTP/1.1" 200 215
2018-04-09 13:15:21,396 DEBUG:Starting new HTTP connection (1): products.openznet.com
2018-04-09 13:15:21,551 DEBUG:http://products.openznet.com:80 "POST /api/personalizer/v1.0/devices HTTP/1.1" 200 215
2018-04-09 13:15:21,577 INFO:New User: 45
2018-04-09 13:15:22,950 DEBUG:Starting new HTTP connection (1): products.openznet.com
2018-04-09 13:15:23,105 DEBUG:http://products.openznet.com:80 "GET /api/personalizer/v1.0/devices/byDeviceId/00:25:4c:31:8c:a6 HTTP/1.1" 200 215
2018-04-09 13:15:24,441 DEBUG:Starting new HTTP connection (1): products.openznet.com
2018-04-09 13:15:24,593 DEBUG:http://products.openznet.com:80 "GET /api/personalizer/v1.0/devices/byDeviceId/00:25:4c:31:8c:a6 HTTP/1.1" 200 215
2018-04-09 13:15:24,600 DEBUG:Starting new HTTP connection (1): products.openznet.com
2018-04-09 13:15:24,763 DEBUG:http://products.openznet.com:80 "POST /api/personalizer/v1.0/devices HTTP/1.1" 200 215
2018-04-09 13:15:24,796 INFO:New User: 10
2018-04-09 13:15:27,130 DEBUG:Starting new HTTP connection (1): products.openznet.com
2018-04-09 13:15:27,285 DEBUG:http://products.openznet.com:80 "GET /api/personalizer/v1.0/devices/byDeviceId/00:25:4c:31:8c:a6 HTTP/1.1" 200 215
2018-04-09 13:15:27,295 DEBUG:Starting new HTTP connection (1): products.openznet.com
2018-04-09 13:15:27,452 DEBUG:http://products.openznet.com:80 "POST /api/personalizer/v1.0/devices HTTP/1.1" 200 215
2018-04-09 13:15:27,474 INFO:New User: 45
2018-04-09 13:15:38,561 DEBUG:Starting new HTTP connection (1): products.openznet.com
2018-04-09 13:15:38,715 DEBUG:http://products.openznet.com:80 "GET /api/personalizer/v1.0/devices/byDeviceId/00:25:4c:31:8c:a6 HTTP/1.1" 200 215
2018-04-09 13:15:38,724 DEBUG:Starting new HTTP connection (1): products.openznet.com
2018-04-09 13:15:38,882 DEBUG:http://products.openznet.com:80 "POST /api/personalizer/v1.0/devices HTTP/1.1" 200 215
2018-04-09 13:15:38,906 INFO:New User: 10
2018-04-09 13:15:42,889 DEBUG:Starting new HTTP connection (1): products.openznet.com
2018-04-09 13:15:43,087 DEBUG:http://products.openznet.com:80 "GET /api/personalizer/v1.0/devices/byDeviceId/00:25:4c:31:8c:a6 HTTP/1.1" 200 215
2018-04-09 13:15:44,476 DEBUG:Starting new HTTP connection (1): products.openznet.com
2018-04-09 13:15:44,629 DEBUG:http://products.openznet.com:80 "GET /api/personalizer/v1.0/devices/byDeviceId/00:25:4c:31:8c:a6 HTTP/1.1" 200 215
2018-04-09 13:15:47,284 DEBUG:Starting new HTTP connection (1): products.openznet.com
2018-04-09 13:15:47,439 DEBUG:http://products.openznet.com:80 "GET /api/personalizer/v1.0/devices/byDeviceId/00:25:4c:31:8c:a6 HTTP/1.1" 200 215
2018-04-09 13:15:48,782 DEBUG:Starting new HTTP connection (1): products.openznet.com
2018-04-09 13:15:48,935 DEBUG:http://products.openznet.com:80 "GET /api/personalizer/v1.0/devices/byDeviceId/00:25:4c:31:8c:a6 HTTP/1.1" 200 215
2018-04-09 13:15:51,608 DEBUG:Starting new HTTP connection (1): products.openznet.com
2018-04-09 13:15:51,763 DEBUG:http://products.openznet.com:80 "GET /api/personalizer/v1.0/devices/byDeviceId/00:25:4c:31:8c:a6 HTTP/1.1" 200 215
2018-04-09 13:15:51,774 DEBUG:Starting new HTTP connection (1): products.openznet.com
2018-04-09 13:15:51,931 DEBUG:http://products.openznet.com:80 "POST /api/personalizer/v1.0/devices HTTP/1.1" 200 215
2018-04-09 13:15:51,959 INFO:New User: 45
2018-04-09 13:25:38,528 INFO:Creating video stream
2018-04-09 13:25:39,185 INFO:Importing face detector
2018-04-09 13:25:39,185 INFO:Importing Haarcascades face detector
2018-04-09 13:25:39,235 INFO:Importing User ID Info
2018-04-09 13:25:39,235 INFO:Importing face recognizer
2018-04-09 13:25:41,559 DEBUG:Starting new HTTP connection (1): products.openznet.com
2018-04-09 13:25:41,728 DEBUG:http://products.openznet.com:80 "GET /api/personalizer/v1.0/devices/byDeviceId/00:25:4c:31:8c:a6 HTTP/1.1" 200 215
2018-04-09 13:26:29,034 DEBUG:Starting new HTTP connection (1): products.openznet.com
2018-04-09 13:26:29,187 DEBUG:http://products.openznet.com:80 "GET /api/personalizer/v1.0/devices/byDeviceId/00:25:4c:31:8c:a6 HTTP/1.1" 200 215
2018-04-09 13:26:35,848 DEBUG:Starting new HTTP connection (1): products.openznet.com
2018-04-09 13:26:36,004 DEBUG:http://products.openznet.com:80 "GET /api/personalizer/v1.0/devices/byDeviceId/00:25:4c:31:8c:a6 HTTP/1.1" 200 215
2018-04-09 13:26:37,475 DEBUG:Starting new HTTP connection (1): products.openznet.com
2018-04-09 13:26:37,627 DEBUG:http://products.openznet.com:80 "GET /api/personalizer/v1.0/devices/byDeviceId/00:25:4c:31:8c:a6 HTTP/1.1" 200 215
2018-04-09 13:29:11,485 DEBUG:Starting new HTTP connection (1): products.openznet.com
2018-04-09 13:29:11,637 DEBUG:http://products.openznet.com:80 "GET /api/personalizer/v1.0/devices/byDeviceId/00:25:4c:31:8c:a6 HTTP/1.1" 200 215
2018-04-09 13:29:11,646 DEBUG:Starting new HTTP connection (1): products.openznet.com
2018-04-09 13:29:11,816 DEBUG:http://products.openznet.com:80 "POST /api/personalizer/v1.0/devices HTTP/1.1" 200 215
2018-04-09 13:29:11,841 INFO:New User: 39
2018-04-09 13:31:09,175 INFO:Creating video stream
2018-04-09 13:31:09,825 INFO:Importing face detector
2018-04-09 13:31:09,825 INFO:Importing Haarcascades face detector
2018-04-09 13:31:09,878 INFO:Importing User ID Info
2018-04-09 13:31:09,879 INFO:Importing face recognizer
2018-04-09 13:31:12,248 DEBUG:Starting new HTTP connection (1): products.openznet.com
2018-04-09 13:31:12,429 DEBUG:http://products.openznet.com:80 "GET /api/personalizer/v1.0/devices/byDeviceId/00:25:4c:31:8c:a6 HTTP/1.1" 200 215
2018-04-09 13:31:48,797 INFO:Creating video stream
2018-04-09 13:31:49,461 INFO:Importing face detector
2018-04-09 13:31:49,462 INFO:Importing Haarcascades face detector
2018-04-09 13:31:49,518 INFO:Importing User ID Info
2018-04-09 13:31:49,519 INFO:Importing face recognizer
2018-04-09 13:31:52,028 DEBUG:Starting new HTTP connection (1): products.openznet.com
2018-04-09 13:31:52,210 DEBUG:http://products.openznet.com:80 "GET /api/personalizer/v1.0/devices/byDeviceId/00:25:4c:31:8c:a6 HTTP/1.1" 200 215
2018-04-09 13:32:31,598 DEBUG:Starting new HTTP connection (1): products.openznet.com
2018-04-09 13:32:31,772 DEBUG:http://products.openznet.com:80 "GET /api/personalizer/v1.0/devices/byDeviceId/00:25:4c:31:8c:a6 HTTP/1.1" 200 215
2018-04-09 13:32:31,780 DEBUG:Starting new HTTP connection (1): products.openznet.com
2018-04-09 13:32:31,935 DEBUG:http://products.openznet.com:80 "POST /api/personalizer/v1.0/devices HTTP/1.1" 200 215
2018-04-09 13:32:31,956 INFO:New User: 45
2018-04-09 13:32:33,182 DEBUG:Starting new HTTP connection (1): products.openznet.com
2018-04-09 13:32:33,337 DEBUG:http://products.openznet.com:80 "GET /api/personalizer/v1.0/devices/byDeviceId/00:25:4c:31:8c:a6 HTTP/1.1" 200 215
2018-04-09 13:32:52,208 DEBUG:Starting new HTTP connection (1): products.openznet.com
2018-04-09 13:32:52,386 DEBUG:http://products.openznet.com:80 "GET /api/personalizer/v1.0/devices/byDeviceId/00:25:4c:31:8c:a6 HTTP/1.1" 200 215
2018-04-09 13:32:52,395 DEBUG:Starting new HTTP connection (1): products.openznet.com
2018-04-09 13:32:52,550 DEBUG:http://products.openznet.com:80 "POST /api/personalizer/v1.0/devices HTTP/1.1" 200 215
2018-04-09 13:32:52,581 INFO:New User: 44
2018-04-09 13:35:45,685 DEBUG:Starting new HTTP connection (1): products.openznet.com
2018-04-09 13:35:45,869 DEBUG:http://products.openznet.com:80 "GET /api/personalizer/v1.0/devices/byDeviceId/00:25:4c:31:8c:a6 HTTP/1.1" 200 215
2018-04-09 13:35:45,878 DEBUG:Starting new HTTP connection (1): products.openznet.com
2018-04-09 13:35:46,034 DEBUG:http://products.openznet.com:80 "POST /api/personalizer/v1.0/devices HTTP/1.1" 200 215
2018-04-09 13:35:46,061 INFO:New User: 45
2018-04-09 13:37:22,006 INFO:Creating video stream
2018-04-09 13:37:22,667 INFO:Importing face detector
2018-04-09 13:37:22,668 INFO:Importing Haarcascades face detector
2018-04-09 13:37:22,728 INFO:Importing User ID Info
2018-04-09 13:37:22,729 INFO:Called in '-capture' Mode
2018-04-09 13:37:22,729 INFO:Adding to Existing User Data
2018-04-09 13:37:22,730 INFO:Capturing faces
2018-04-09 13:40:34,228 INFO:Called in '-train' Mode
2018-04-09 13:41:35,603 INFO:Creating video stream
2018-04-09 13:41:36,261 INFO:Importing face detector
2018-04-09 13:41:36,261 INFO:Importing Haarcascades face detector
2018-04-09 13:41:36,316 INFO:Importing User ID Info
2018-04-09 13:41:36,317 INFO:Importing face recognizer
2018-04-09 13:41:39,400 DEBUG:Starting new HTTP connection (1): products.openznet.com
2018-04-09 13:41:39,579 DEBUG:http://products.openznet.com:80 "GET /api/personalizer/v1.0/devices/byDeviceId/00:25:4c:31:8c:a6 HTTP/1.1" 200 215
2018-04-09 13:42:17,881 INFO:Creating video stream
2018-04-09 13:42:18,543 INFO:Importing face detector
2018-04-09 13:42:18,544 INFO:Importing Haarcascades face detector
2018-04-09 13:42:18,604 INFO:Importing User ID Info
2018-04-09 13:42:18,604 INFO:Importing face recognizer
2018-04-09 13:42:21,691 DEBUG:Starting new HTTP connection (1): products.openznet.com
2018-04-09 13:42:21,866 DEBUG:http://products.openznet.com:80 "GET /api/personalizer/v1.0/devices/byDeviceId/00:25:4c:31:8c:a6 HTTP/1.1" 200 215
2018-04-09 13:43:07,845 DEBUG:Starting new HTTP connection (1): products.openznet.com
2018-04-09 13:43:08,024 DEBUG:http://products.openznet.com:80 "GET /api/personalizer/v1.0/devices/byDeviceId/00:25:4c:31:8c:a6 HTTP/1.1" 200 215
2018-04-09 13:43:09,302 DEBUG:Starting new HTTP connection (1): products.openznet.com
2018-04-09 13:43:09,455 DEBUG:http://products.openznet.com:80 "GET /api/personalizer/v1.0/devices/byDeviceId/00:25:4c:31:8c:a6 HTTP/1.1" 200 215
2018-04-09 13:43:10,767 DEBUG:Starting new HTTP connection (1): products.openznet.com
2018-04-09 13:43:10,921 DEBUG:http://products.openznet.com:80 "GET /api/personalizer/v1.0/devices/byDeviceId/00:25:4c:31:8c:a6 HTTP/1.1" 200 215
2018-04-09 13:43:12,156 DEBUG:Starting new HTTP connection (1): products.openznet.com
2018-04-09 13:43:12,310 DEBUG:http://products.openznet.com:80 "GET /api/personalizer/v1.0/devices/byDeviceId/00:25:4c:31:8c:a6 HTTP/1.1" 200 215
2018-04-09 13:43:13,544 DEBUG:Starting new HTTP connection (1): products.openznet.com
2018-04-09 13:43:13,697 DEBUG:http://products.openznet.com:80 "GET /api/personalizer/v1.0/devices/byDeviceId/00:25:4c:31:8c:a6 HTTP/1.1" 200 215
2018-04-09 13:43:14,907 DEBUG:Starting new HTTP connection (1): products.openznet.com
2018-04-09 13:43:15,059 DEBUG:http://products.openznet.com:80 "GET /api/personalizer/v1.0/devices/byDeviceId/00:25:4c:31:8c:a6 HTTP/1.1" 200 215
2018-04-09 13:43:16,272 DEBUG:Starting new HTTP connection (1): products.openznet.com
2018-04-09 13:43:16,424 DEBUG:http://products.openznet.com:80 "GET /api/personalizer/v1.0/devices/byDeviceId/00:25:4c:31:8c:a6 HTTP/1.1" 200 215
2018-04-09 13:43:17,655 DEBUG:Starting new HTTP connection (1): products.openznet.com
2018-04-09 13:43:17,809 DEBUG:http://products.openznet.com:80 "GET /api/personalizer/v1.0/devices/byDeviceId/00:25:4c:31:8c:a6 HTTP/1.1" 200 215
2018-04-09 13:43:19,033 DEBUG:Starting new HTTP connection (1): products.openznet.com
2018-04-09 13:43:19,188 DEBUG:http://products.openznet.com:80 "GET /api/personalizer/v1.0/devices/byDeviceId/00:25:4c:31:8c:a6 HTTP/1.1" 200 215
2018-04-09 13:43:20,419 DEBUG:Starting new HTTP connection (1): products.openznet.com
2018-04-09 13:43:20,573 DEBUG:http://products.openznet.com:80 "GET /api/personalizer/v1.0/devices/byDeviceId/00:25:4c:31:8c:a6 HTTP/1.1" 200 215
2018-04-09 13:43:21,753 DEBUG:Starting new HTTP connection (1): products.openznet.com
2018-04-09 13:43:21,927 DEBUG:http://products.openznet.com:80 "GET /api/personalizer/v1.0/devices/byDeviceId/00:25:4c:31:8c:a6 HTTP/1.1" 200 215
2018-04-09 13:43:29,500 DEBUG:Starting new HTTP connection (1): products.openznet.com
2018-04-09 13:43:29,653 DEBUG:http://products.openznet.com:80 "GET /api/personalizer/v1.0/devices/byDeviceId/00:25:4c:31:8c:a6 HTTP/1.1" 200 215
2018-04-09 13:43:30,835 DEBUG:Starting new HTTP connection (1): products.openznet.com
2018-04-09 13:43:30,988 DEBUG:http://products.openznet.com:80 "GET /api/personalizer/v1.0/devices/byDeviceId/00:25:4c:31:8c:a6 HTTP/1.1" 200 215
2018-04-09 13:43:32,104 DEBUG:Starting new HTTP connection (1): products.openznet.com
2018-04-09 13:43:32,258 DEBUG:http://products.openznet.com:80 "GET /api/personalizer/v1.0/devices/byDeviceId/00:25:4c:31:8c:a6 HTTP/1.1" 200 215
2018-04-09 13:43:33,389 DEBUG:Starting new HTTP connection (1): products.openznet.com
2018-04-09 13:43:33,547 DEBUG:http://products.openznet.com:80 "GET /api/personalizer/v1.0/devices/byDeviceId/00:25:4c:31:8c:a6 HTTP/1.1" 200 215
2018-04-09 13:44:04,238 DEBUG:Starting new HTTP connection (1): products.openznet.com
2018-04-09 13:44:04,419 DEBUG:http://products.openznet.com:80 "GET /api/personalizer/v1.0/devices/byDeviceId/00:25:4c:31:8c:a6 HTTP/1.1" 200 215
2018-04-09 13:44:04,434 DEBUG:Starting new HTTP connection (1): products.openznet.com
2018-04-09 13:44:04,591 DEBUG:http://products.openznet.com:80 "POST /api/personalizer/v1.0/devices HTTP/1.1" 200 215
2018-04-09 13:44:04,615 INFO:New User: 44
2018-04-09 13:46:01,396 DEBUG:Starting new HTTP connection (1): products.openznet.com
2018-04-09 13:46:01,595 DEBUG:http://products.openznet.com:80 "GET /api/personalizer/v1.0/devices/byDeviceId/00:25:4c:31:8c:a6 HTTP/1.1" 200 215
2018-04-09 13:46:01,608 DEBUG:Starting new HTTP connection (1): products.openznet.com
2018-04-09 13:46:01,766 DEBUG:http://products.openznet.com:80 "POST /api/personalizer/v1.0/devices HTTP/1.1" 200 215
2018-04-09 13:46:01,789 INFO:New User: 45
2018-04-09 13:46:03,098 DEBUG:Starting new HTTP connection (1): products.openznet.com
2018-04-09 13:46:03,307 DEBUG:http://products.openznet.com:80 "GET /api/personalizer/v1.0/devices/byDeviceId/00:25:4c:31:8c:a6 HTTP/1.1" 200 215
2018-04-09 13:46:15,449 DEBUG:Starting new HTTP connection (1): products.openznet.com
2018-04-09 13:46:15,603 DEBUG:http://products.openznet.com:80 "GET /api/personalizer/v1.0/devices/byDeviceId/00:25:4c:31:8c:a6 HTTP/1.1" 200 215
2018-04-09 13:52:53,049 INFO:Creating video stream
2018-04-09 13:52:53,705 INFO:Importing face detector
2018-04-09 13:52:53,705 INFO:Importing Haarcascades face detector
2018-04-09 13:52:53,757 INFO:Importing User ID Info
2018-04-09 13:52:53,758 INFO:Importing face recognizer
2018-04-09 13:52:56,955 DEBUG:Starting new HTTP connection (1): products.openznet.com
2018-04-09 13:52:57,110 DEBUG:http://products.openznet.com:80 "GET /api/personalizer/v1.0/devices/byDeviceId/00:25:4c:31:8c:a6 HTTP/1.1" 200 215
2018-04-09 13:53:00,164 DEBUG:Starting new HTTP connection (1): products.openznet.com
2018-04-09 13:53:00,317 DEBUG:http://products.openznet.com:80 "GET /api/personalizer/v1.0/devices/byDeviceId/00:25:4c:31:8c:a6 HTTP/1.1" 200 215
2018-04-09 13:53:00,336 DEBUG:Starting new HTTP connection (1): products.openznet.com
2018-04-09 13:53:00,495 DEBUG:http://products.openznet.com:80 "POST /api/personalizer/v1.0/devices HTTP/1.1" 200 215
2018-04-09 13:53:00,526 INFO:New User: 44
2018-04-09 13:53:25,972 DEBUG:Starting new HTTP connection (1): products.openznet.com
2018-04-09 13:53:26,127 DEBUG:http://products.openznet.com:80 "GET /api/personalizer/v1.0/devices/byDeviceId/00:25:4c:31:8c:a6 HTTP/1.1" 200 215
2018-04-09 13:53:26,136 DEBUG:Starting new HTTP connection (1): products.openznet.com
2018-04-09 13:53:26,293 DEBUG:http://products.openznet.com:80 "POST /api/personalizer/v1.0/devices HTTP/1.1" 200 215
2018-04-09 13:53:26,315 INFO:New User: 45
2018-04-09 13:53:27,661 DEBUG:Starting new HTTP connection (1): products.openznet.com
2018-04-09 13:53:27,817 DEBUG:http://products.openznet.com:80 "GET /api/personalizer/v1.0/devices/byDeviceId/00:25:4c:31:8c:a6 HTTP/1.1" 200 215
2018-04-09 14:02:56,497 DEBUG:Starting new HTTP connection (1): products.openznet.com
2018-04-09 14:02:56,713 DEBUG:http://products.openznet.com:80 "GET /api/personalizer/v1.0/devices/byDeviceId/00:25:4c:31:8c:a6 HTTP/1.1" 200 215
2018-04-09 14:02:56,723 DEBUG:Starting new HTTP connection (1): products.openznet.com
2018-04-09 14:02:56,880 DEBUG:http://products.openznet.com:80 "POST /api/personalizer/v1.0/devices HTTP/1.1" 200 215
2018-04-09 14:02:56,906 INFO:New User: 39
2018-04-09 14:03:25,007 DEBUG:Starting new HTTP connection (1): products.openznet.com
2018-04-09 14:03:25,183 DEBUG:http://products.openznet.com:80 "GET /api/personalizer/v1.0/devices/byDeviceId/00:25:4c:31:8c:a6 HTTP/1.1" 200 215
2018-04-09 14:03:38,461 DEBUG:Starting new HTTP connection (1): products.openznet.com
2018-04-09 14:03:38,616 DEBUG:http://products.openznet.com:80 "GET /api/personalizer/v1.0/devices/byDeviceId/00:25:4c:31:8c:a6 HTTP/1.1" 200 215
2018-04-09 14:03:38,623 DEBUG:Starting new HTTP connection (1): products.openznet.com
2018-04-09 14:03:38,779 DEBUG:http://products.openznet.com:80 "POST /api/personalizer/v1.0/devices HTTP/1.1" 200 215
2018-04-09 14:03:38,815 INFO:New User: 45
2018-04-09 14:04:21,035 INFO:Creating video stream
2018-04-09 14:04:21,686 INFO:Importing face detector
2018-04-09 14:04:21,687 INFO:Importing Haarcascades face detector
2018-04-09 14:04:21,745 INFO:Importing User ID Info
2018-04-09 14:04:21,746 INFO:Importing face recognizer
2018-04-09 14:04:24,827 DEBUG:Starting new HTTP connection (1): products.openznet.com
2018-04-09 14:04:24,985 DEBUG:http://products.openznet.com:80 "GET /api/personalizer/v1.0/devices/byDeviceId/00:25:4c:31:8c:a6 HTTP/1.1" 200 215
2018-04-09 14:05:03,846 DEBUG:Starting new HTTP connection (1): products.openznet.com
2018-04-09 14:05:04,028 DEBUG:http://products.openznet.com:80 "GET /api/personalizer/v1.0/devices/byDeviceId/00:25:4c:31:8c:a6 HTTP/1.1" 200 215
2018-04-09 14:05:43,597 INFO:Creating video stream
2018-04-09 14:05:44,252 INFO:Importing face detector
2018-04-09 14:05:44,253 INFO:Importing Haarcascades face detector
2018-04-09 14:05:44,308 INFO:Importing User ID Info
2018-04-09 14:05:44,309 INFO:Importing face recognizer
2018-04-09 14:05:47,543 DEBUG:Starting new HTTP connection (1): products.openznet.com
2018-04-09 14:05:47,717 DEBUG:http://products.openznet.com:80 "GET /api/personalizer/v1.0/devices/byDeviceId/00:25:4c:31:8c:a6 HTTP/1.1" 200 215
2018-04-09 14:06:37,282 INFO:Creating video stream
2018-04-09 14:06:37,939 INFO:Importing face detector
2018-04-09 14:06:37,939 INFO:Importing Haarcascades face detector
2018-04-09 14:06:37,997 INFO:Importing User ID Info
2018-04-09 14:06:37,997 INFO:Importing face recognizer
2018-04-09 14:06:41,077 DEBUG:Starting new HTTP connection (1): products.openznet.com
2018-04-09 14:06:41,258 DEBUG:http://products.openznet.com:80 "GET /api/personalizer/v1.0/devices/byDeviceId/00:25:4c:31:8c:a6 HTTP/1.1" 200 215
2018-04-09 14:07:23,253 INFO:Creating video stream
2018-04-09 14:07:23,913 INFO:Importing face detector
2018-04-09 14:07:23,913 INFO:Importing Haarcascades face detector
2018-04-09 14:07:23,968 INFO:Importing User ID Info
2018-04-09 14:07:23,968 INFO:Importing face recognizer
2018-04-09 14:07:27,098 DEBUG:Starting new HTTP connection (1): products.openznet.com
2018-04-09 14:07:27,273 DEBUG:http://products.openznet.com:80 "GET /api/personalizer/v1.0/devices/byDeviceId/00:25:4c:31:8c:a6 HTTP/1.1" 200 215
2018-04-09 14:15:06,361 DEBUG:Starting new HTTP connection (1): products.openznet.com
2018-04-09 14:15:06,554 DEBUG:http://products.openznet.com:80 "GET /api/personalizer/v1.0/devices/byDeviceId/00:25:4c:31:8c:a6 HTTP/1.1" 200 215
2018-04-09 14:15:06,561 DEBUG:Starting new HTTP connection (1): products.openznet.com
2018-04-09 14:15:06,717 DEBUG:http://products.openznet.com:80 "POST /api/personalizer/v1.0/devices HTTP/1.1" 200 215
2018-04-09 14:15:06,740 INFO:New User: 45
2018-04-09 14:15:07,971 DEBUG:Starting new HTTP connection (1): products.openznet.com
2018-04-09 14:15:08,124 DEBUG:http://products.openznet.com:80 "GET /api/personalizer/v1.0/devices/byDeviceId/00:25:4c:31:8c:a6 HTTP/1.1" 200 215
2018-04-09 14:15:09,356 DEBUG:Starting new HTTP connection (1): products.openznet.com
2018-04-09 14:15:09,507 DEBUG:http://products.openznet.com:80 "GET /api/personalizer/v1.0/devices/byDeviceId/00:25:4c:31:8c:a6 HTTP/1.1" 200 215
2018-04-09 14:15:10,682 DEBUG:Starting new HTTP connection (1): products.openznet.com
2018-04-09 14:15:10,837 DEBUG:http://products.openznet.com:80 "GET /api/personalizer/v1.0/devices/byDeviceId/00:25:4c:31:8c:a6 HTTP/1.1" 200 215
2018-04-09 14:15:12,000 DEBUG:Starting new HTTP connection (1): products.openznet.com
2018-04-09 14:15:12,161 DEBUG:http://products.openznet.com:80 "GET /api/personalizer/v1.0/devices/byDeviceId/00:25:4c:31:8c:a6 HTTP/1.1" 200 215
2018-04-09 14:15:16,819 DEBUG:Starting new HTTP connection (1): products.openznet.com
2018-04-09 14:15:16,974 DEBUG:http://products.openznet.com:80 "GET /api/personalizer/v1.0/devices/byDeviceId/00:25:4c:31:8c:a6 HTTP/1.1" 200 215
2018-04-09 14:21:48,538 DEBUG:Starting new HTTP connection (1): products.openznet.com
2018-04-09 14:21:48,691 DEBUG:http://products.openznet.com:80 "GET /api/personalizer/v1.0/devices/byDeviceId/00:25:4c:31:8c:a6 HTTP/1.1" 200 215
2018-04-09 14:21:48,699 DEBUG:Starting new HTTP connection (1): products.openznet.com
2018-04-09 14:21:48,853 DEBUG:http://products.openznet.com:80 "POST /api/personalizer/v1.0/devices HTTP/1.1" 200 215
2018-04-09 14:21:48,881 INFO:New User: 39
2018-04-09 14:28:12,630 DEBUG:Starting new HTTP connection (1): products.openznet.com
2018-04-09 14:28:17,798 DEBUG:http://products.openznet.com:80 "GET /api/personalizer/v1.0/devices/byDeviceId/00:25:4c:31:8c:a6 HTTP/1.1" 200 215
2018-04-09 14:39:29,502 INFO:Creating video stream
2018-04-09 14:39:30,158 INFO:Importing face detector
2018-04-09 14:39:30,158 INFO:Importing Haarcascades face detector
2018-04-09 14:39:30,214 INFO:Importing User ID Info
2018-04-09 14:39:30,215 INFO:Called in '-capture' Mode
2018-04-09 14:39:30,216 INFO:Adding to Existing User Data
2018-04-09 14:39:30,216 INFO:Capturing faces
2018-04-09 14:40:32,235 INFO:Creating video stream
2018-04-09 14:40:32,894 INFO:Importing face detector
2018-04-09 14:40:32,894 INFO:Importing Haarcascades face detector
2018-04-09 14:40:32,951 INFO:Importing User ID Info
2018-04-09 14:40:32,952 INFO:Importing face recognizer
2018-04-09 14:40:36,029 DEBUG:Starting new HTTP connection (1): products.openznet.com
2018-04-09 14:40:36,229 DEBUG:http://products.openznet.com:80 "GET /api/personalizer/v1.0/devices/byDeviceId/00:25:4c:31:8c:a6 HTTP/1.1" 200 215
2018-04-09 14:44:17,293 DEBUG:Starting new HTTP connection (1): products.openznet.com
2018-04-09 14:44:17,445 DEBUG:http://products.openznet.com:80 "GET /api/personalizer/v1.0/devices/byDeviceId/00:25:4c:31:8c:a6 HTTP/1.1" 200 215
2018-04-09 14:44:17,453 DEBUG:Starting new HTTP connection (1): products.openznet.com
2018-04-09 14:44:17,608 DEBUG:http://products.openznet.com:80 "POST /api/personalizer/v1.0/devices HTTP/1.1" 200 215
2018-04-09 14:44:17,637 INFO:New User: 39
2018-04-09 14:44:18,815 DEBUG:Starting new HTTP connection (1): products.openznet.com
2018-04-09 14:44:18,968 DEBUG:http://products.openznet.com:80 "GET /api/personalizer/v1.0/devices/byDeviceId/00:25:4c:31:8c:a6 HTTP/1.1" 200 215
2018-04-09 14:56:14,210 INFO:Creating video stream
2018-04-09 14:56:14,870 INFO:Importing face detector
2018-04-09 14:56:14,870 INFO:Importing Haarcascades face detector
2018-04-09 14:56:14,926 INFO:Importing User ID Info
2018-04-09 14:56:14,927 INFO:Importing face recognizer
2018-04-09 14:56:18,030 DEBUG:Starting new HTTP connection (1): products.openznet.com
2018-04-09 14:56:18,034 ERROR:HTTPConnectionPool(host='products.openznet.com', port=80): Max retries exceeded with url: /api/personalizer/v1.0/devices/byDeviceId/00:25:4c:31:8c:a6 (Caused by NewConnectionError('<urllib3.connection.HTTPConnection object at 0x7f844e5d1198>: Failed to establish a new connection: [Errno -3] Temporary failure in name resolution',))
2018-04-09 14:56:37,538 INFO:Creating video stream
2018-04-09 14:56:38,201 INFO:Importing face detector
2018-04-09 14:56:38,201 INFO:Importing Haarcascades face detector
2018-04-09 14:56:38,256 INFO:Importing User ID Info
2018-04-09 14:56:38,256 INFO:Importing face recognizer
2018-04-09 14:56:41,381 DEBUG:Starting new HTTP connection (1): products.openznet.com
2018-04-09 14:56:41,385 ERROR:HTTPConnectionPool(host='products.openznet.com', port=80): Max retries exceeded with url: /api/personalizer/v1.0/devices/byDeviceId/00:25:4c:31:8c:a6 (Caused by NewConnectionError('<urllib3.connection.HTTPConnection object at 0x7f1c2c330198>: Failed to establish a new connection: [Errno -3] Temporary failure in name resolution',))
2018-04-09 15:05:23,756 INFO:Creating video stream
2018-04-09 15:05:24,501 INFO:Importing face detector
2018-04-09 15:05:24,502 INFO:Importing Haarcascades face detector
2018-04-09 15:05:24,693 INFO:Importing User ID Info
2018-04-09 15:05:24,721 INFO:Importing face recognizer
2018-04-09 15:05:28,161 DEBUG:Starting new HTTP connection (1): products.openznet.com
2018-04-09 15:05:28,328 DEBUG:http://products.openznet.com:80 "GET /api/personalizer/v1.0/devices/byDeviceId/00:25:4c:31:8c:a6 HTTP/1.1" 200 215
2018-04-09 15:07:20,400 INFO:Creating video stream
2018-04-09 15:07:21,053 INFO:Importing face detector
2018-04-09 15:07:21,054 INFO:Importing Haarcascades face detector
2018-04-09 15:07:21,112 INFO:Importing User ID Info
2018-04-09 15:07:21,113 INFO:Importing face recognizer
2018-04-09 15:07:24,184 DEBUG:Starting new HTTP connection (1): products.openznet.com
2018-04-09 15:07:24,365 DEBUG:http://products.openznet.com:80 "GET /api/personalizer/v1.0/devices/byDeviceId/00:25:4c:31:8c:a6 HTTP/1.1" 200 215
2018-04-09 15:07:56,980 INFO:Creating video stream
2018-04-09 15:07:57,637 INFO:Importing face detector
2018-04-09 15:07:57,638 INFO:Importing Haarcascades face detector
2018-04-09 15:07:57,692 INFO:Importing User ID Info
2018-04-09 15:07:57,692 INFO:Called in '-capture' Mode
2018-04-09 15:07:57,713 INFO:Adding to Existing User Data
2018-04-09 15:07:57,714 INFO:Capturing faces
2018-04-09 15:09:46,326 INFO:Called in '-train' Mode
2018-04-09 15:11:03,584 INFO:Creating video stream
2018-04-09 15:11:04,232 INFO:Importing face detector
2018-04-09 15:11:04,232 INFO:Importing Haarcascades face detector
2018-04-09 15:11:04,282 INFO:Importing User ID Info
2018-04-09 15:11:04,283 INFO:Importing face recognizer
2018-04-09 15:11:07,693 DEBUG:Starting new HTTP connection (1): products.openznet.com
2018-04-09 15:11:07,877 DEBUG:http://products.openznet.com:80 "GET /api/personalizer/v1.0/devices/byDeviceId/00:25:4c:31:8c:a6 HTTP/1.1" 200 215
2018-04-09 15:11:36,605 DEBUG:Starting new HTTP connection (1): products.openznet.com
2018-04-09 15:11:36,777 DEBUG:http://products.openznet.com:80 "GET /api/personalizer/v1.0/devices/byDeviceId/00:25:4c:31:8c:a6 HTTP/1.1" 200 215
2018-04-09 15:11:36,785 DEBUG:Starting new HTTP connection (1): products.openznet.com
2018-04-09 15:11:36,942 DEBUG:http://products.openznet.com:80 "POST /api/personalizer/v1.0/devices HTTP/1.1" 200 215
2018-04-09 15:11:36,969 INFO:New User: 39
2018-04-09 15:11:38,242 DEBUG:Starting new HTTP connection (1): products.openznet.com
2018-04-09 15:11:38,396 DEBUG:http://products.openznet.com:80 "GET /api/personalizer/v1.0/devices/byDeviceId/00:25:4c:31:8c:a6 HTTP/1.1" 200 215
2018-04-09 15:11:39,703 DEBUG:Starting new HTTP connection (1): products.openznet.com
2018-04-09 15:11:39,858 DEBUG:http://products.openznet.com:80 "GET /api/personalizer/v1.0/devices/byDeviceId/00:25:4c:31:8c:a6 HTTP/1.1" 200 215
2018-04-09 15:11:41,149 DEBUG:Starting new HTTP connection (1): products.openznet.com
2018-04-09 15:11:41,302 DEBUG:http://products.openznet.com:80 "GET /api/personalizer/v1.0/devices/byDeviceId/00:25:4c:31:8c:a6 HTTP/1.1" 200 215
2018-04-09 15:11:42,589 DEBUG:Starting new HTTP connection (1): products.openznet.com
2018-04-09 15:11:42,743 DEBUG:http://products.openznet.com:80 "GET /api/personalizer/v1.0/devices/byDeviceId/00:25:4c:31:8c:a6 HTTP/1.1" 200 215
2018-04-09 15:11:44,047 DEBUG:Starting new HTTP connection (1): products.openznet.com
2018-04-09 15:11:44,205 DEBUG:http://products.openznet.com:80 "GET /api/personalizer/v1.0/devices/byDeviceId/00:25:4c:31:8c:a6 HTTP/1.1" 200 215
2018-04-09 15:11:45,525 DEBUG:Starting new HTTP connection (1): products.openznet.com
2018-04-09 15:11:45,677 DEBUG:http://products.openznet.com:80 "GET /api/personalizer/v1.0/devices/byDeviceId/00:25:4c:31:8c:a6 HTTP/1.1" 200 215
2018-04-09 15:11:47,018 DEBUG:Starting new HTTP connection (1): products.openznet.com
2018-04-09 15:11:47,170 DEBUG:http://products.openznet.com:80 "GET /api/personalizer/v1.0/devices/byDeviceId/00:25:4c:31:8c:a6 HTTP/1.1" 200 215
2018-04-09 15:11:48,496 DEBUG:Starting new HTTP connection (1): products.openznet.com
2018-04-09 15:11:48,648 DEBUG:http://products.openznet.com:80 "GET /api/personalizer/v1.0/devices/byDeviceId/00:25:4c:31:8c:a6 HTTP/1.1" 200 215
2018-04-09 15:11:49,963 DEBUG:Starting new HTTP connection (1): products.openznet.com
2018-04-09 15:11:50,118 DEBUG:http://products.openznet.com:80 "GET /api/personalizer/v1.0/devices/byDeviceId/00:25:4c:31:8c:a6 HTTP/1.1" 200 215
2018-04-09 15:11:51,400 DEBUG:Starting new HTTP connection (1): products.openznet.com
2018-04-09 15:11:51,555 DEBUG:http://products.openznet.com:80 "GET /api/personalizer/v1.0/devices/byDeviceId/00:25:4c:31:8c:a6 HTTP/1.1" 200 215
2018-04-09 15:11:52,872 DEBUG:Starting new HTTP connection (1): products.openznet.com
2018-04-09 15:11:53,024 DEBUG:http://products.openznet.com:80 "GET /api/personalizer/v1.0/devices/byDeviceId/00:25:4c:31:8c:a6 HTTP/1.1" 200 215
2018-04-09 15:11:54,286 DEBUG:Starting new HTTP connection (1): products.openznet.com
2018-04-09 15:11:54,460 DEBUG:http://products.openznet.com:80 "GET /api/personalizer/v1.0/devices/byDeviceId/00:25:4c:31:8c:a6 HTTP/1.1" 200 215
2018-04-09 15:11:55,752 DEBUG:Starting new HTTP connection (1): products.openznet.com
2018-04-09 15:11:55,909 DEBUG:http://products.openznet.com:80 "GET /api/personalizer/v1.0/devices/byDeviceId/00:25:4c:31:8c:a6 HTTP/1.1" 200 215
2018-04-09 15:11:57,153 DEBUG:Starting new HTTP connection (1): products.openznet.com
2018-04-09 15:11:57,307 DEBUG:http://products.openznet.com:80 "GET /api/personalizer/v1.0/devices/byDeviceId/00:25:4c:31:8c:a6 HTTP/1.1" 200 215
2018-04-09 15:11:58,551 DEBUG:Starting new HTTP connection (1): products.openznet.com
2018-04-09 15:11:58,705 DEBUG:http://products.openznet.com:80 "GET /api/personalizer/v1.0/devices/byDeviceId/00:25:4c:31:8c:a6 HTTP/1.1" 200 215
2018-04-09 15:12:34,292 INFO:Creating video stream
2018-04-09 15:12:34,948 INFO:Importing face detector
2018-04-09 15:12:34,948 INFO:Importing Haarcascades face detector
2018-04-09 15:12:35,010 INFO:Importing User ID Info
2018-04-09 15:12:35,010 INFO:Importing face recognizer
2018-04-09 15:12:38,561 DEBUG:Starting new HTTP connection (1): products.openznet.com
2018-04-09 15:12:38,740 DEBUG:http://products.openznet.com:80 "GET /api/personalizer/v1.0/devices/byDeviceId/00:25:4c:31:8c:a6 HTTP/1.1" 200 215
2018-04-09 15:16:29,684 DEBUG:Starting new HTTP connection (1): products.openznet.com
2018-04-09 15:16:29,872 DEBUG:http://products.openznet.com:80 "GET /api/personalizer/v1.0/devices/byDeviceId/00:25:4c:31:8c:a6 HTTP/1.1" 200 215
2018-04-09 15:16:29,888 DEBUG:Starting new HTTP connection (1): products.openznet.com
2018-04-09 15:16:30,045 DEBUG:http://products.openznet.com:80 "POST /api/personalizer/v1.0/devices HTTP/1.1" 200 215
2018-04-09 15:16:30,075 INFO:New User: 45
2018-04-09 15:16:31,265 DEBUG:Starting new HTTP connection (1): products.openznet.com
2018-04-09 15:16:31,419 DEBUG:http://products.openznet.com:80 "GET /api/personalizer/v1.0/devices/byDeviceId/00:25:4c:31:8c:a6 HTTP/1.1" 200 215
2018-04-09 15:21:01,342 DEBUG:Starting new HTTP connection (1): products.openznet.com
2018-04-09 15:21:01,528 DEBUG:http://products.openznet.com:80 "GET /api/personalizer/v1.0/devices/byDeviceId/00:25:4c:31:8c:a6 HTTP/1.1" 200 215
2018-04-09 15:22:32,786 INFO:Creating video stream
2018-04-09 15:22:33,439 INFO:Importing face detector
2018-04-09 15:22:33,439 INFO:Importing Haarcascades face detector
2018-04-09 15:22:33,492 INFO:Importing User ID Info
2018-04-09 15:22:33,493 INFO:Importing face recognizer
2018-04-09 15:22:36,901 DEBUG:Starting new HTTP connection (1): products.openznet.com
2018-04-09 15:22:37,078 DEBUG:http://products.openznet.com:80 "GET /api/personalizer/v1.0/devices/byDeviceId/00:25:4c:31:8c:a6 HTTP/1.1" 200 215
2018-04-09 16:10:37,884 DEBUG:Starting new HTTP connection (1): products.openznet.com
2018-04-09 16:10:38,077 DEBUG:http://products.openznet.com:80 "GET /api/personalizer/v1.0/devices/byDeviceId/00:25:4c:31:8c:a6 HTTP/1.1" 200 215
2018-04-09 16:19:02,992 DEBUG:Starting new HTTP connection (1): products.openznet.com
2018-04-09 16:19:03,147 DEBUG:http://products.openznet.com:80 "GET /api/personalizer/v1.0/devices/byDeviceId/00:25:4c:31:8c:a6 HTTP/1.1" 200 215
2018-04-09 16:19:03,155 DEBUG:Starting new HTTP connection (1): products.openznet.com
2018-04-09 16:19:03,324 DEBUG:http://products.openznet.com:80 "POST /api/personalizer/v1.0/devices HTTP/1.1" 200 215
2018-04-09 16:19:03,348 INFO:New User: 39
2018-04-09 16:19:05,726 DEBUG:Starting new HTTP connection (1): products.openznet.com
2018-04-09 16:19:05,879 DEBUG:http://products.openznet.com:80 "GET /api/personalizer/v1.0/devices/byDeviceId/00:25:4c:31:8c:a6 HTTP/1.1" 200 215
2018-04-09 16:19:42,994 DEBUG:Starting new HTTP connection (1): products.openznet.com
2018-04-09 16:19:43,172 DEBUG:http://products.openznet.com:80 "GET /api/personalizer/v1.0/devices/byDeviceId/00:25:4c:31:8c:a6 HTTP/1.1" 200 215
2018-04-09 16:19:43,180 DEBUG:Starting new HTTP connection (1): products.openznet.com
2018-04-09 16:19:43,336 DEBUG:http://products.openznet.com:80 "POST /api/personalizer/v1.0/devices HTTP/1.1" 200 215
2018-04-09 16:19:43,361 INFO:New User: 44
2018-04-09 16:19:44,582 DEBUG:Starting new HTTP connection (1): products.openznet.com
2018-04-09 16:19:44,739 DEBUG:http://products.openznet.com:80 "GET /api/personalizer/v1.0/devices/byDeviceId/00:25:4c:31:8c:a6 HTTP/1.1" 200 215
2018-04-09 16:20:30,646 DEBUG:Starting new HTTP connection (1): products.openznet.com
2018-04-09 16:20:30,859 DEBUG:http://products.openznet.com:80 "GET /api/personalizer/v1.0/devices/byDeviceId/00:25:4c:31:8c:a6 HTTP/1.1" 200 215
2018-04-09 16:20:30,869 DEBUG:Starting new HTTP connection (1): products.openznet.com
2018-04-09 16:20:31,027 DEBUG:http://products.openznet.com:80 "POST /api/personalizer/v1.0/devices HTTP/1.1" 200 215
2018-04-09 16:20:31,048 INFO:New User: 45
2018-04-09 16:41:13,136 DEBUG:Starting new HTTP connection (1): products.openznet.com
2018-04-09 16:41:13,299 DEBUG:http://products.openznet.com:80 "GET /api/personalizer/v1.0/devices/byDeviceId/00:25:4c:31:8c:a6 HTTP/1.1" 200 215
2018-04-09 16:41:13,308 DEBUG:Starting new HTTP connection (1): products.openznet.com
2018-04-09 16:41:13,462 DEBUG:http://products.openznet.com:80 "POST /api/personalizer/v1.0/devices HTTP/1.1" 200 215
2018-04-09 16:41:13,492 INFO:New User: 39
2018-04-09 16:41:15,689 DEBUG:Starting new HTTP connection (1): products.openznet.com
2018-04-09 16:41:15,843 DEBUG:http://products.openznet.com:80 "GET /api/personalizer/v1.0/devices/byDeviceId/00:25:4c:31:8c:a6 HTTP/1.1" 200 215
2018-04-09 17:00:07,624 DEBUG:Starting new HTTP connection (1): products.openznet.com
2018-04-09 17:00:07,816 DEBUG:http://products.openznet.com:80 "GET /api/personalizer/v1.0/devices/byDeviceId/00:25:4c:31:8c:a6 HTTP/1.1" 200 215
2018-04-09 17:00:07,828 DEBUG:Starting new HTTP connection (1): products.openznet.com
2018-04-09 17:00:07,995 DEBUG:http://products.openznet.com:80 "POST /api/personalizer/v1.0/devices HTTP/1.1" 200 215
2018-04-09 17:00:08,029 INFO:New User: 39
2018-04-09 17:00:09,334 DEBUG:Starting new HTTP connection (1): products.openznet.com
2018-04-09 17:00:09,490 DEBUG:http://products.openznet.com:80 "GET /api/personalizer/v1.0/devices/byDeviceId/00:25:4c:31:8c:a6 HTTP/1.1" 200 215
2018-04-09 17:23:26,262 DEBUG:Starting new HTTP connection (1): products.openznet.com
2018-04-09 17:23:26,455 DEBUG:http://products.openznet.com:80 "GET /api/personalizer/v1.0/devices/byDeviceId/00:25:4c:31:8c:a6 HTTP/1.1" 200 215
2018-04-09 17:23:26,464 DEBUG:Starting new HTTP connection (1): products.openznet.com
2018-04-09 17:23:26,619 DEBUG:http://products.openznet.com:80 "POST /api/personalizer/v1.0/devices HTTP/1.1" 200 215
2018-04-09 17:23:26,659 INFO:New User: 45
2018-04-09 17:54:12,545 INFO:Creating video stream
2018-04-09 17:54:13,200 INFO:Importing face detector
2018-04-09 17:54:13,201 INFO:Importing Haarcascades face detector
2018-04-09 17:54:13,252 INFO:Importing User ID Info
2018-04-09 17:54:13,252 INFO:Importing face recognizer
2018-04-09 17:54:16,713 DEBUG:Starting new HTTP connection (1): products.openznet.com
2018-04-09 17:54:16,923 DEBUG:http://products.openznet.com:80 "GET /api/personalizer/v1.0/devices/byDeviceId/00:25:4c:31:8c:a6 HTTP/1.1" 200 215
2018-04-09 17:54:53,828 DEBUG:Starting new HTTP connection (1): products.openznet.com
2018-04-09 17:54:54,007 DEBUG:http://products.openznet.com:80 "GET /api/personalizer/v1.0/devices/byDeviceId/00:25:4c:31:8c:a6 HTTP/1.1" 200 215
2018-04-09 17:54:56,473 DEBUG:Starting new HTTP connection (1): products.openznet.com
2018-04-09 17:54:56,625 DEBUG:http://products.openznet.com:80 "GET /api/personalizer/v1.0/devices/byDeviceId/00:25:4c:31:8c:a6 HTTP/1.1" 200 215
2018-04-09 17:54:57,841 DEBUG:Starting new HTTP connection (1): products.openznet.com
2018-04-09 17:54:57,995 DEBUG:http://products.openznet.com:80 "GET /api/personalizer/v1.0/devices/byDeviceId/00:25:4c:31:8c:a6 HTTP/1.1" 200 215
2018-04-09 17:54:59,209 DEBUG:Starting new HTTP connection (1): products.openznet.com
2018-04-09 17:54:59,361 DEBUG:http://products.openznet.com:80 "GET /api/personalizer/v1.0/devices/byDeviceId/00:25:4c:31:8c:a6 HTTP/1.1" 200 215
2018-04-09 17:56:25,683 INFO:Creating video stream
2018-04-09 17:56:26,339 INFO:Importing face detector
2018-04-09 17:56:26,340 INFO:Importing Haarcascades face detector
2018-04-09 17:56:26,400 INFO:Importing User ID Info
2018-04-09 17:56:26,401 INFO:Importing face recognizer
2018-04-09 17:56:29,913 DEBUG:Starting new HTTP connection (1): products.openznet.com
2018-04-09 17:56:30,097 DEBUG:http://products.openznet.com:80 "GET /api/personalizer/v1.0/devices/byDeviceId/00:25:4c:31:8c:a6 HTTP/1.1" 200 215
